2025-02-26 15:14:59,846 Worker rq:worker:04a0e8dccba4437db35de8b8c11d18ed started with PID 23213, version 1.14.1
2025-02-26 15:14:59,846 Subscribing to channel rq:pubsub:04a0e8dccba4437db35de8b8c11d18ed
2025-02-26 15:14:59,847 *** Listening on Users-cosmaskiplagat-DEV-develop-frappe-bench:short, Users-cosmaskiplagat-DEV-develop-frappe-bench:default, Users-cosmaskiplagat-DEV-develop-frappe-bench:long...
2025-02-26 15:14:59,847 Cleaning registries for queue: Users-cosmaskiplagat-DEV-develop-frappe-bench:short
2025-02-26 15:14:59,848 Cleaning registries for queue: Users-cosmaskiplagat-DEV-develop-frappe-bench:default
2025-02-26 15:14:59,849 Cleaning registries for queue: Users-cosmaskiplagat-DEV-develop-frappe-bench:long
2025-02-26 15:15:00,227 Worker 04a0e8dccba4437db35de8b8c11d18ed [PID 23213]: warm shut down requested
2025-02-26 15:15:00,229 Unsubscribing from channel rq:pubsub:04a0e8dccba4437db35de8b8c11d18ed
2025-02-26 15:20:59,352 Worker rq:worker:8e72a97c32f147219c8fbd5c8d5bb0c2 started with PID 25999, version 1.14.1
2025-02-26 15:20:59,353 Subscribing to channel rq:pubsub:8e72a97c32f147219c8fbd5c8d5bb0c2
2025-02-26 15:20:59,353 *** Listening on Users-cosmaskiplagat-DEV-develop-frappe-bench:short, Users-cosmaskiplagat-DEV-develop-frappe-bench:default, Users-cosmaskiplagat-DEV-develop-frappe-bench:long...
2025-02-26 15:20:59,748 Worker 8e72a97c32f147219c8fbd5c8d5bb0c2 [PID 25999]: warm shut down requested
2025-02-26 15:20:59,751 Unsubscribing from channel rq:pubsub:8e72a97c32f147219c8fbd5c8d5bb0c2
2025-02-26 15:23:17,335 Worker rq:worker:8206efaadd104bc6b4190f701e084098 started with PID 26921, version 1.14.1
2025-02-26 15:23:17,335 Subscribing to channel rq:pubsub:8206efaadd104bc6b4190f701e084098
2025-02-26 15:23:17,336 *** Listening on Users-cosmaskiplagat-DEV-develop-frappe-bench:short, Users-cosmaskiplagat-DEV-develop-frappe-bench:default, Users-cosmaskiplagat-DEV-develop-frappe-bench:long...
2025-02-26 15:23:17,730 Worker 8206efaadd104bc6b4190f701e084098 [PID 26921]: warm shut down requested
2025-02-26 15:23:17,732 Unsubscribing from channel rq:pubsub:8206efaadd104bc6b4190f701e084098
2025-02-26 15:59:48,334 Worker rq:worker:f946c08ed1b54d978d1ae94c5c705043 started with PID 35715, version 1.14.1
2025-02-26 15:59:48,335 Subscribing to channel rq:pubsub:f946c08ed1b54d978d1ae94c5c705043
2025-02-26 15:59:48,335 *** Listening on Users-cosmaskiplagat-DEV-develop-frappe-bench:short, Users-cosmaskiplagat-DEV-develop-frappe-bench:default, Users-cosmaskiplagat-DEV-develop-frappe-bench:long...
2025-02-26 15:59:48,336 Cleaning registries for queue: Users-cosmaskiplagat-DEV-develop-frappe-bench:short
2025-02-26 15:59:48,337 Cleaning registries for queue: Users-cosmaskiplagat-DEV-develop-frappe-bench:default
2025-02-26 15:59:48,337 Cleaning registries for queue: Users-cosmaskiplagat-DEV-develop-frappe-bench:long
2025-02-26 15:59:48,754 Worker f946c08ed1b54d978d1ae94c5c705043 [PID 35715]: warm shut down requested
2025-02-26 15:59:48,756 Unsubscribing from channel rq:pubsub:f946c08ed1b54d978d1ae94c5c705043
2025-02-26 16:28:04,989 Worker rq:worker:7eed28bfd27c4b50a883fe691f2bd081 started with PID 50445, version 1.14.1
2025-02-26 16:28:04,989 Subscribing to channel rq:pubsub:7eed28bfd27c4b50a883fe691f2bd081
2025-02-26 16:28:04,990 *** Listening on Users-cosmaskiplagat-DEV-develop-frappe-bench:short, Users-cosmaskiplagat-DEV-develop-frappe-bench:default, Users-cosmaskiplagat-DEV-develop-frappe-bench:long...
2025-02-26 16:28:04,991 Cleaning registries for queue: Users-cosmaskiplagat-DEV-develop-frappe-bench:short
2025-02-26 16:28:04,992 Cleaning registries for queue: Users-cosmaskiplagat-DEV-develop-frappe-bench:default
2025-02-26 16:28:04,993 Cleaning registries for queue: Users-cosmaskiplagat-DEV-develop-frappe-bench:long
2025-02-26 16:28:05,409 Worker 7eed28bfd27c4b50a883fe691f2bd081 [PID 50445]: warm shut down requested
2025-02-26 16:28:05,411 Unsubscribing from channel rq:pubsub:7eed28bfd27c4b50a883fe691f2bd081
2025-02-26 16:29:23,921 Worker rq:worker:a118d1753b0147e08679388840f20a2b started with PID 50986, version 1.14.1
2025-02-26 16:29:23,922 Subscribing to channel rq:pubsub:a118d1753b0147e08679388840f20a2b
2025-02-26 16:29:23,922 *** Listening on Users-cosmaskiplagat-DEV-develop-frappe-bench:short, Users-cosmaskiplagat-DEV-develop-frappe-bench:default, Users-cosmaskiplagat-DEV-develop-frappe-bench:long...
2025-02-26 16:55:47,077 Users-cosmaskiplagat-DEV-develop-frappe-bench:long: frappe.utils.background_jobs.execute_job(event=None, is_async=True, job_name='<function build_index_for_all_routes at 0x10f8fe8c0>', kwargs={}, method=<function build_index_for_all_routes at 0x10f8fe8c0>, site='kigen.local', user='Administrator') (2bce3322-9293-4e14-8128-ded6526b5dc6)
Traceback (most recent call last):
  File "apps/frappe/frappe/utils/background_jobs.py", line 188, in execute_job
    retval = method(**kwargs)
  File "apps/frappe/frappe/search/website_search.py", line 145, in build_index_for_all_routes
    return ws.build()
  File "apps/frappe/frappe/search/full_text_search.py", line 41, in build
    self.documents = self.get_items_to_index()
  File "apps/frappe/frappe/search/website_search.py", line 42, in get_items_to_index
    routes = get_static_pages_from_all_apps() + slugs_with_web_view(self._items_to_index)
  File "apps/frappe/frappe/search/website_search.py", line 121, in get_static_pages_from_all_apps
    path_to_index = frappe.get_app_path(app, "www")
  File "apps/frappe/frappe/__init__.py", line 1372, in get_app_path
    return get_pymodule_path(app_name, *joins)
  File "apps/frappe/frappe/__init__.py", line 1389, in get_pymodule_path
    return os.path.join(os.path.dirname(get_module(scrub(modulename)).__file__ or ""), *joins)
  File "apps/frappe/frappe/__init__.py", line 1343, in get_module
    return importlib.import_module(modulename)
  File "/usr/local/Cellar/python@3.10/3.10.16/Frameworks/Python.framework/Versions/3.10/lib/python3.10/importlib/__init__.py", line 126, in import_module
    return _bootstrap._gcd_import(name[level:], package, level)
  File "<frozen importlib._bootstrap>", line 1050, in _gcd_import
  File "<frozen importlib._bootstrap>", line 1027, in _find_and_load
  File "<frozen importlib._bootstrap>", line 1004, in _find_and_load_unlocked
ModuleNotFoundError: No module named 'education'

2025-02-26 16:55:48,166 Cleaning registries for queue: Users-cosmaskiplagat-DEV-develop-frappe-bench:short
2025-02-26 16:55:48,167 Cleaning registries for queue: Users-cosmaskiplagat-DEV-develop-frappe-bench:default
2025-02-26 16:55:48,168 Cleaning registries for queue: Users-cosmaskiplagat-DEV-develop-frappe-bench:long
2025-02-26 16:56:16,769 Users-cosmaskiplagat-DEV-develop-frappe-bench:long: frappe.utils.background_jobs.execute_job(event=None, is_async=True, job_name='<function build_index_for_all_routes at 0x111c4aa70>', kwargs={}, method=<function build_index_for_all_routes at 0x111c4aa70>, site='kigen.local', user='Administrator') (8da364ae-04e4-40ed-8c2e-433e8a0d70df)
Traceback (most recent call last):
  File "apps/frappe/frappe/utils/background_jobs.py", line 188, in execute_job
    retval = method(**kwargs)
  File "apps/frappe/frappe/search/website_search.py", line 145, in build_index_for_all_routes
    return ws.build()
  File "apps/frappe/frappe/search/full_text_search.py", line 41, in build
    self.documents = self.get_items_to_index()
  File "apps/frappe/frappe/search/website_search.py", line 42, in get_items_to_index
    routes = get_static_pages_from_all_apps() + slugs_with_web_view(self._items_to_index)
  File "apps/frappe/frappe/search/website_search.py", line 121, in get_static_pages_from_all_apps
    path_to_index = frappe.get_app_path(app, "www")
  File "apps/frappe/frappe/__init__.py", line 1372, in get_app_path
    return get_pymodule_path(app_name, *joins)
  File "apps/frappe/frappe/__init__.py", line 1389, in get_pymodule_path
    return os.path.join(os.path.dirname(get_module(scrub(modulename)).__file__ or ""), *joins)
  File "apps/frappe/frappe/__init__.py", line 1343, in get_module
    return importlib.import_module(modulename)
  File "/usr/local/Cellar/python@3.10/3.10.16/Frameworks/Python.framework/Versions/3.10/lib/python3.10/importlib/__init__.py", line 126, in import_module
    return _bootstrap._gcd_import(name[level:], package, level)
  File "<frozen importlib._bootstrap>", line 1050, in _gcd_import
  File "<frozen importlib._bootstrap>", line 1027, in _find_and_load
  File "<frozen importlib._bootstrap>", line 1004, in _find_and_load_unlocked
ModuleNotFoundError: No module named 'education'

2025-02-26 16:58:46,975 Users-cosmaskiplagat-DEV-develop-frappe-bench:long: frappe.utils.background_jobs.execute_job(event=None, is_async=True, job_name='<function build_index_for_all_routes at 0x10da868c0>', kwargs={}, method=<function build_index_for_all_routes at 0x10da868c0>, site='kigen.local', user='Administrator') (0f46b465-824b-4e1c-a055-c40f38a82895)
Traceback (most recent call last):
  File "apps/frappe/frappe/utils/background_jobs.py", line 188, in execute_job
    retval = method(**kwargs)
  File "apps/frappe/frappe/search/website_search.py", line 145, in build_index_for_all_routes
    return ws.build()
  File "apps/frappe/frappe/search/full_text_search.py", line 41, in build
    self.documents = self.get_items_to_index()
  File "apps/frappe/frappe/search/website_search.py", line 42, in get_items_to_index
    routes = get_static_pages_from_all_apps() + slugs_with_web_view(self._items_to_index)
  File "apps/frappe/frappe/search/website_search.py", line 121, in get_static_pages_from_all_apps
    path_to_index = frappe.get_app_path(app, "www")
  File "apps/frappe/frappe/__init__.py", line 1372, in get_app_path
    return get_pymodule_path(app_name, *joins)
  File "apps/frappe/frappe/__init__.py", line 1389, in get_pymodule_path
    return os.path.join(os.path.dirname(get_module(scrub(modulename)).__file__ or ""), *joins)
  File "apps/frappe/frappe/__init__.py", line 1343, in get_module
    return importlib.import_module(modulename)
  File "/usr/local/Cellar/python@3.10/3.10.16/Frameworks/Python.framework/Versions/3.10/lib/python3.10/importlib/__init__.py", line 126, in import_module
    return _bootstrap._gcd_import(name[level:], package, level)
  File "<frozen importlib._bootstrap>", line 1050, in _gcd_import
  File "<frozen importlib._bootstrap>", line 1027, in _find_and_load
  File "<frozen importlib._bootstrap>", line 1004, in _find_and_load_unlocked
ModuleNotFoundError: No module named 'education'

2025-02-26 16:59:17,835 Users-cosmaskiplagat-DEV-develop-frappe-bench:long: frappe.utils.background_jobs.execute_job(event=None, is_async=True, job_name='<function build_index_for_all_routes at 0x111eaea70>', kwargs={}, method=<function build_index_for_all_routes at 0x111eaea70>, site='kigen.local', user='Administrator') (53e47ce6-f66f-4f73-b388-3b17c8e88234)
Traceback (most recent call last):
  File "apps/frappe/frappe/utils/background_jobs.py", line 188, in execute_job
    retval = method(**kwargs)
  File "apps/frappe/frappe/search/website_search.py", line 145, in build_index_for_all_routes
    return ws.build()
  File "apps/frappe/frappe/search/full_text_search.py", line 41, in build
    self.documents = self.get_items_to_index()
  File "apps/frappe/frappe/search/website_search.py", line 42, in get_items_to_index
    routes = get_static_pages_from_all_apps() + slugs_with_web_view(self._items_to_index)
  File "apps/frappe/frappe/search/website_search.py", line 121, in get_static_pages_from_all_apps
    path_to_index = frappe.get_app_path(app, "www")
  File "apps/frappe/frappe/__init__.py", line 1372, in get_app_path
    return get_pymodule_path(app_name, *joins)
  File "apps/frappe/frappe/__init__.py", line 1389, in get_pymodule_path
    return os.path.join(os.path.dirname(get_module(scrub(modulename)).__file__ or ""), *joins)
  File "apps/frappe/frappe/__init__.py", line 1343, in get_module
    return importlib.import_module(modulename)
  File "/usr/local/Cellar/python@3.10/3.10.16/Frameworks/Python.framework/Versions/3.10/lib/python3.10/importlib/__init__.py", line 126, in import_module
    return _bootstrap._gcd_import(name[level:], package, level)
  File "<frozen importlib._bootstrap>", line 1050, in _gcd_import
  File "<frozen importlib._bootstrap>", line 1027, in _find_and_load
  File "<frozen importlib._bootstrap>", line 1004, in _find_and_load_unlocked
ModuleNotFoundError: No module named 'education'

2025-02-26 17:04:17,927 Worker rq:worker:f41ba702018445059cb280e8c221f166 started with PID 68459, version 1.14.1
2025-02-26 17:04:17,927 Subscribing to channel rq:pubsub:f41ba702018445059cb280e8c221f166
2025-02-26 17:04:17,928 *** Listening on Users-cosmaskiplagat-DEV-develop-frappe-bench:short, Users-cosmaskiplagat-DEV-develop-frappe-bench:default, Users-cosmaskiplagat-DEV-develop-frappe-bench:long...
2025-02-26 17:08:20,702 Worker rq:worker:be9d6b430684460cae5f61cbee746ec8 started with PID 70005, version 1.14.1
2025-02-26 17:08:20,702 Subscribing to channel rq:pubsub:be9d6b430684460cae5f61cbee746ec8
2025-02-26 17:08:20,703 *** Listening on Users-cosmaskiplagat-DEV-develop-frappe-bench:short, Users-cosmaskiplagat-DEV-develop-frappe-bench:default, Users-cosmaskiplagat-DEV-develop-frappe-bench:long...
2025-02-26 17:27:07,865 Cleaning registries for queue: Users-cosmaskiplagat-DEV-develop-frappe-bench:short
2025-02-26 17:27:07,868 Cleaning registries for queue: Users-cosmaskiplagat-DEV-develop-frappe-bench:long
2025-02-26 17:27:07,866 Cleaning registries for queue: Users-cosmaskiplagat-DEV-develop-frappe-bench:default
2025-02-26 17:52:41,840 Cleaning registries for queue: Users-cosmaskiplagat-DEV-develop-frappe-bench:short
2025-02-26 17:52:41,841 Cleaning registries for queue: Users-cosmaskiplagat-DEV-develop-frappe-bench:default
2025-02-26 17:52:41,841 Cleaning registries for queue: Users-cosmaskiplagat-DEV-develop-frappe-bench:long
2025-02-26 18:08:05,244 Cleaning registries for queue: Users-cosmaskiplagat-DEV-develop-frappe-bench:short
2025-02-26 18:08:05,245 Cleaning registries for queue: Users-cosmaskiplagat-DEV-develop-frappe-bench:default
2025-02-26 18:08:05,245 Cleaning registries for queue: Users-cosmaskiplagat-DEV-develop-frappe-bench:long
2025-02-26 18:23:19,792 Cleaning registries for queue: Users-cosmaskiplagat-DEV-develop-frappe-bench:short
2025-02-26 18:23:19,792 Cleaning registries for queue: Users-cosmaskiplagat-DEV-develop-frappe-bench:default
2025-02-26 18:23:19,793 Cleaning registries for queue: Users-cosmaskiplagat-DEV-develop-frappe-bench:long
2025-02-26 18:38:29,220 Cleaning registries for queue: Users-cosmaskiplagat-DEV-develop-frappe-bench:short
2025-02-26 18:38:29,220 Cleaning registries for queue: Users-cosmaskiplagat-DEV-develop-frappe-bench:default
2025-02-26 18:38:29,220 Cleaning registries for queue: Users-cosmaskiplagat-DEV-develop-frappe-bench:long
2025-02-26 18:53:38,249 Cleaning registries for queue: Users-cosmaskiplagat-DEV-develop-frappe-bench:short
2025-02-26 18:53:38,249 Cleaning registries for queue: Users-cosmaskiplagat-DEV-develop-frappe-bench:default
2025-02-26 18:53:38,250 Cleaning registries for queue: Users-cosmaskiplagat-DEV-develop-frappe-bench:long
2025-02-26 19:08:47,573 Cleaning registries for queue: Users-cosmaskiplagat-DEV-develop-frappe-bench:short
2025-02-26 19:08:47,575 Cleaning registries for queue: Users-cosmaskiplagat-DEV-develop-frappe-bench:long
2025-02-26 19:08:47,574 Cleaning registries for queue: Users-cosmaskiplagat-DEV-develop-frappe-bench:default
2025-02-26 19:24:04,085 Cleaning registries for queue: Users-cosmaskiplagat-DEV-develop-frappe-bench:default
2025-02-26 19:24:04,085 Cleaning registries for queue: Users-cosmaskiplagat-DEV-develop-frappe-bench:short
2025-02-26 19:24:04,086 Cleaning registries for queue: Users-cosmaskiplagat-DEV-develop-frappe-bench:long
2025-02-26 19:39:14,240 Cleaning registries for queue: Users-cosmaskiplagat-DEV-develop-frappe-bench:short
2025-02-26 19:39:14,240 Cleaning registries for queue: Users-cosmaskiplagat-DEV-develop-frappe-bench:default
2025-02-26 19:39:14,240 Cleaning registries for queue: Users-cosmaskiplagat-DEV-develop-frappe-bench:long
2025-02-26 19:54:23,161 Cleaning registries for queue: Users-cosmaskiplagat-DEV-develop-frappe-bench:short
2025-02-26 19:54:23,161 Cleaning registries for queue: Users-cosmaskiplagat-DEV-develop-frappe-bench:default
2025-02-26 19:54:23,162 Cleaning registries for queue: Users-cosmaskiplagat-DEV-develop-frappe-bench:long
2025-02-26 20:09:33,246 Cleaning registries for queue: Users-cosmaskiplagat-DEV-develop-frappe-bench:default
2025-02-26 20:09:33,245 Cleaning registries for queue: Users-cosmaskiplagat-DEV-develop-frappe-bench:short
2025-02-26 20:09:33,246 Cleaning registries for queue: Users-cosmaskiplagat-DEV-develop-frappe-bench:long
2025-02-26 20:24:42,330 Cleaning registries for queue: Users-cosmaskiplagat-DEV-develop-frappe-bench:short
2025-02-26 20:24:42,331 Cleaning registries for queue: Users-cosmaskiplagat-DEV-develop-frappe-bench:default
2025-02-26 20:24:42,332 Cleaning registries for queue: Users-cosmaskiplagat-DEV-develop-frappe-bench:long
2025-02-26 20:39:51,602 Cleaning registries for queue: Users-cosmaskiplagat-DEV-develop-frappe-bench:short
2025-02-26 20:39:51,603 Cleaning registries for queue: Users-cosmaskiplagat-DEV-develop-frappe-bench:long
2025-02-26 20:39:51,602 Cleaning registries for queue: Users-cosmaskiplagat-DEV-develop-frappe-bench:default
2025-02-26 20:55:00,589 Cleaning registries for queue: Users-cosmaskiplagat-DEV-develop-frappe-bench:short
2025-02-26 20:55:00,590 Cleaning registries for queue: Users-cosmaskiplagat-DEV-develop-frappe-bench:default
2025-02-26 20:55:00,590 Cleaning registries for queue: Users-cosmaskiplagat-DEV-develop-frappe-bench:long
2025-02-26 21:10:09,909 Cleaning registries for queue: Users-cosmaskiplagat-DEV-develop-frappe-bench:short
2025-02-26 21:10:09,909 Cleaning registries for queue: Users-cosmaskiplagat-DEV-develop-frappe-bench:default
2025-02-26 21:10:09,911 Cleaning registries for queue: Users-cosmaskiplagat-DEV-develop-frappe-bench:long
2025-02-26 21:25:24,150 Cleaning registries for queue: Users-cosmaskiplagat-DEV-develop-frappe-bench:short
2025-02-26 21:25:24,150 Cleaning registries for queue: Users-cosmaskiplagat-DEV-develop-frappe-bench:default
2025-02-26 21:25:24,151 Cleaning registries for queue: Users-cosmaskiplagat-DEV-develop-frappe-bench:long
2025-02-26 21:40:33,597 Cleaning registries for queue: Users-cosmaskiplagat-DEV-develop-frappe-bench:short
2025-02-26 21:40:33,597 Cleaning registries for queue: Users-cosmaskiplagat-DEV-develop-frappe-bench:default
2025-02-26 21:40:33,598 Cleaning registries for queue: Users-cosmaskiplagat-DEV-develop-frappe-bench:long
2025-02-26 21:55:43,595 Cleaning registries for queue: Users-cosmaskiplagat-DEV-develop-frappe-bench:short
2025-02-26 21:55:43,595 Cleaning registries for queue: Users-cosmaskiplagat-DEV-develop-frappe-bench:default
2025-02-26 21:55:43,596 Cleaning registries for queue: Users-cosmaskiplagat-DEV-develop-frappe-bench:long
2025-02-26 22:10:56,360 Cleaning registries for queue: Users-cosmaskiplagat-DEV-develop-frappe-bench:short
2025-02-26 22:10:56,360 Cleaning registries for queue: Users-cosmaskiplagat-DEV-develop-frappe-bench:default
2025-02-26 22:10:56,361 Cleaning registries for queue: Users-cosmaskiplagat-DEV-develop-frappe-bench:long
2025-02-26 22:26:10,444 Cleaning registries for queue: Users-cosmaskiplagat-DEV-develop-frappe-bench:short
2025-02-26 22:26:10,445 Cleaning registries for queue: Users-cosmaskiplagat-DEV-develop-frappe-bench:default
2025-02-26 22:26:10,445 Cleaning registries for queue: Users-cosmaskiplagat-DEV-develop-frappe-bench:long
2025-02-26 22:41:25,050 Cleaning registries for queue: Users-cosmaskiplagat-DEV-develop-frappe-bench:short
2025-02-26 22:41:25,050 Cleaning registries for queue: Users-cosmaskiplagat-DEV-develop-frappe-bench:default
2025-02-26 22:41:25,052 Cleaning registries for queue: Users-cosmaskiplagat-DEV-develop-frappe-bench:long
2025-02-26 22:56:37,012 Cleaning registries for queue: Users-cosmaskiplagat-DEV-develop-frappe-bench:short
2025-02-26 22:56:37,012 Cleaning registries for queue: Users-cosmaskiplagat-DEV-develop-frappe-bench:default
2025-02-26 22:56:37,012 Cleaning registries for queue: Users-cosmaskiplagat-DEV-develop-frappe-bench:long
2025-02-26 23:11:56,097 Cleaning registries for queue: Users-cosmaskiplagat-DEV-develop-frappe-bench:short
2025-02-26 23:11:56,098 Cleaning registries for queue: Users-cosmaskiplagat-DEV-develop-frappe-bench:default
2025-02-26 23:11:56,099 Cleaning registries for queue: Users-cosmaskiplagat-DEV-develop-frappe-bench:long
2025-02-26 23:27:10,406 Cleaning registries for queue: Users-cosmaskiplagat-DEV-develop-frappe-bench:default
2025-02-26 23:27:10,406 Cleaning registries for queue: Users-cosmaskiplagat-DEV-develop-frappe-bench:short
2025-02-26 23:27:10,407 Cleaning registries for queue: Users-cosmaskiplagat-DEV-develop-frappe-bench:long
2025-02-26 23:42:23,398 Cleaning registries for queue: Users-cosmaskiplagat-DEV-develop-frappe-bench:default
2025-02-26 23:42:23,398 Cleaning registries for queue: Users-cosmaskiplagat-DEV-develop-frappe-bench:short
2025-02-26 23:42:23,400 Cleaning registries for queue: Users-cosmaskiplagat-DEV-develop-frappe-bench:long
2025-02-26 23:57:33,752 Cleaning registries for queue: Users-cosmaskiplagat-DEV-develop-frappe-bench:short
2025-02-26 23:57:33,754 Cleaning registries for queue: Users-cosmaskiplagat-DEV-develop-frappe-bench:default
2025-02-26 23:57:33,755 Cleaning registries for queue: Users-cosmaskiplagat-DEV-develop-frappe-bench:long
2025-02-27 00:12:43,028 Cleaning registries for queue: Users-cosmaskiplagat-DEV-develop-frappe-bench:short
2025-02-27 00:12:43,029 Cleaning registries for queue: Users-cosmaskiplagat-DEV-develop-frappe-bench:default
2025-02-27 00:12:43,030 Cleaning registries for queue: Users-cosmaskiplagat-DEV-develop-frappe-bench:long
2025-02-27 00:27:52,801 Cleaning registries for queue: Users-cosmaskiplagat-DEV-develop-frappe-bench:short
2025-02-27 00:27:52,802 Cleaning registries for queue: Users-cosmaskiplagat-DEV-develop-frappe-bench:default
2025-02-27 00:27:52,802 Cleaning registries for queue: Users-cosmaskiplagat-DEV-develop-frappe-bench:long
2025-02-27 00:43:05,970 Cleaning registries for queue: Users-cosmaskiplagat-DEV-develop-frappe-bench:short
2025-02-27 00:43:05,970 Cleaning registries for queue: Users-cosmaskiplagat-DEV-develop-frappe-bench:default
2025-02-27 00:43:05,970 Cleaning registries for queue: Users-cosmaskiplagat-DEV-develop-frappe-bench:long
2025-02-27 00:58:26,465 Cleaning registries for queue: Users-cosmaskiplagat-DEV-develop-frappe-bench:short
2025-02-27 00:58:26,465 Cleaning registries for queue: Users-cosmaskiplagat-DEV-develop-frappe-bench:default
2025-02-27 00:58:26,466 Cleaning registries for queue: Users-cosmaskiplagat-DEV-develop-frappe-bench:long
2025-02-27 01:13:36,084 Cleaning registries for queue: Users-cosmaskiplagat-DEV-develop-frappe-bench:short
2025-02-27 01:13:36,085 Cleaning registries for queue: Users-cosmaskiplagat-DEV-develop-frappe-bench:long
2025-02-27 01:13:36,085 Cleaning registries for queue: Users-cosmaskiplagat-DEV-develop-frappe-bench:default
2025-02-27 01:28:45,064 Cleaning registries for queue: Users-cosmaskiplagat-DEV-develop-frappe-bench:default
2025-02-27 01:28:45,064 Cleaning registries for queue: Users-cosmaskiplagat-DEV-develop-frappe-bench:short
2025-02-27 01:28:45,064 Cleaning registries for queue: Users-cosmaskiplagat-DEV-develop-frappe-bench:long
2025-02-27 01:43:54,685 Cleaning registries for queue: Users-cosmaskiplagat-DEV-develop-frappe-bench:short
2025-02-27 01:43:54,685 Cleaning registries for queue: Users-cosmaskiplagat-DEV-develop-frappe-bench:default
2025-02-27 01:43:54,686 Cleaning registries for queue: Users-cosmaskiplagat-DEV-develop-frappe-bench:long
2025-02-27 02:05:38,525 Cleaning registries for queue: Users-cosmaskiplagat-DEV-develop-frappe-bench:short
2025-02-27 02:05:38,526 Cleaning registries for queue: Users-cosmaskiplagat-DEV-develop-frappe-bench:default
2025-02-27 02:05:38,526 Cleaning registries for queue: Users-cosmaskiplagat-DEV-develop-frappe-bench:long
2025-02-27 02:20:49,578 Cleaning registries for queue: Users-cosmaskiplagat-DEV-develop-frappe-bench:short
2025-02-27 02:20:49,578 Cleaning registries for queue: Users-cosmaskiplagat-DEV-develop-frappe-bench:default
2025-02-27 02:20:49,578 Cleaning registries for queue: Users-cosmaskiplagat-DEV-develop-frappe-bench:long
2025-02-27 02:35:59,712 Cleaning registries for queue: Users-cosmaskiplagat-DEV-develop-frappe-bench:short
2025-02-27 02:35:59,713 Cleaning registries for queue: Users-cosmaskiplagat-DEV-develop-frappe-bench:default
2025-02-27 02:35:59,714 Cleaning registries for queue: Users-cosmaskiplagat-DEV-develop-frappe-bench:long
2025-02-27 02:51:21,697 Cleaning registries for queue: Users-cosmaskiplagat-DEV-develop-frappe-bench:short
2025-02-27 02:51:21,699 Cleaning registries for queue: Users-cosmaskiplagat-DEV-develop-frappe-bench:default
2025-02-27 02:51:21,699 Cleaning registries for queue: Users-cosmaskiplagat-DEV-develop-frappe-bench:long
2025-02-27 03:06:43,036 Cleaning registries for queue: Users-cosmaskiplagat-DEV-develop-frappe-bench:short
2025-02-27 03:06:43,038 Cleaning registries for queue: Users-cosmaskiplagat-DEV-develop-frappe-bench:default
2025-02-27 03:06:43,039 Cleaning registries for queue: Users-cosmaskiplagat-DEV-develop-frappe-bench:long
2025-02-27 03:21:54,132 Cleaning registries for queue: Users-cosmaskiplagat-DEV-develop-frappe-bench:short
2025-02-27 03:21:54,132 Cleaning registries for queue: Users-cosmaskiplagat-DEV-develop-frappe-bench:default
2025-02-27 03:21:54,133 Cleaning registries for queue: Users-cosmaskiplagat-DEV-develop-frappe-bench:long
2025-02-27 03:37:15,224 Cleaning registries for queue: Users-cosmaskiplagat-DEV-develop-frappe-bench:short
2025-02-27 03:37:15,224 Cleaning registries for queue: Users-cosmaskiplagat-DEV-develop-frappe-bench:default
2025-02-27 03:37:15,224 Cleaning registries for queue: Users-cosmaskiplagat-DEV-develop-frappe-bench:long
2025-02-27 03:52:26,539 Cleaning registries for queue: Users-cosmaskiplagat-DEV-develop-frappe-bench:short
2025-02-27 03:52:26,539 Cleaning registries for queue: Users-cosmaskiplagat-DEV-develop-frappe-bench:default
2025-02-27 03:52:26,539 Cleaning registries for queue: Users-cosmaskiplagat-DEV-develop-frappe-bench:long
2025-02-27 04:07:37,098 Cleaning registries for queue: Users-cosmaskiplagat-DEV-develop-frappe-bench:short
2025-02-27 04:07:37,099 Cleaning registries for queue: Users-cosmaskiplagat-DEV-develop-frappe-bench:default
2025-02-27 04:07:37,100 Cleaning registries for queue: Users-cosmaskiplagat-DEV-develop-frappe-bench:long
2025-02-27 04:22:48,174 Cleaning registries for queue: Users-cosmaskiplagat-DEV-develop-frappe-bench:short
2025-02-27 04:22:48,174 Cleaning registries for queue: Users-cosmaskiplagat-DEV-develop-frappe-bench:default
2025-02-27 04:22:48,176 Cleaning registries for queue: Users-cosmaskiplagat-DEV-develop-frappe-bench:long
2025-02-27 04:37:59,280 Cleaning registries for queue: Users-cosmaskiplagat-DEV-develop-frappe-bench:short
2025-02-27 04:37:59,280 Cleaning registries for queue: Users-cosmaskiplagat-DEV-develop-frappe-bench:long
2025-02-27 04:37:59,280 Cleaning registries for queue: Users-cosmaskiplagat-DEV-develop-frappe-bench:default
2025-02-27 04:56:05,143 Cleaning registries for queue: Users-cosmaskiplagat-DEV-develop-frappe-bench:short
2025-02-27 04:56:05,145 Cleaning registries for queue: Users-cosmaskiplagat-DEV-develop-frappe-bench:default
2025-02-27 04:56:05,146 Cleaning registries for queue: Users-cosmaskiplagat-DEV-develop-frappe-bench:long
2025-02-27 05:11:12,870 Cleaning registries for queue: Users-cosmaskiplagat-DEV-develop-frappe-bench:short
2025-02-27 05:11:12,870 Cleaning registries for queue: Users-cosmaskiplagat-DEV-develop-frappe-bench:default
2025-02-27 05:11:12,872 Cleaning registries for queue: Users-cosmaskiplagat-DEV-develop-frappe-bench:long
2025-02-27 05:26:23,635 Cleaning registries for queue: Users-cosmaskiplagat-DEV-develop-frappe-bench:short
2025-02-27 05:26:23,635 Cleaning registries for queue: Users-cosmaskiplagat-DEV-develop-frappe-bench:default
2025-02-27 05:26:23,636 Cleaning registries for queue: Users-cosmaskiplagat-DEV-develop-frappe-bench:long
2025-02-27 05:41:35,606 Cleaning registries for queue: Users-cosmaskiplagat-DEV-develop-frappe-bench:default
2025-02-27 05:41:35,606 Cleaning registries for queue: Users-cosmaskiplagat-DEV-develop-frappe-bench:short
2025-02-27 05:41:35,607 Cleaning registries for queue: Users-cosmaskiplagat-DEV-develop-frappe-bench:long
2025-02-27 05:56:47,391 Cleaning registries for queue: Users-cosmaskiplagat-DEV-develop-frappe-bench:short
2025-02-27 05:56:47,391 Cleaning registries for queue: Users-cosmaskiplagat-DEV-develop-frappe-bench:default
2025-02-27 05:56:47,392 Cleaning registries for queue: Users-cosmaskiplagat-DEV-develop-frappe-bench:long
2025-02-27 06:11:58,993 Cleaning registries for queue: Users-cosmaskiplagat-DEV-develop-frappe-bench:short
2025-02-27 06:11:58,993 Cleaning registries for queue: Users-cosmaskiplagat-DEV-develop-frappe-bench:default
2025-02-27 06:11:58,993 Cleaning registries for queue: Users-cosmaskiplagat-DEV-develop-frappe-bench:long
2025-02-27 06:27:11,926 Cleaning registries for queue: Users-cosmaskiplagat-DEV-develop-frappe-bench:short
2025-02-27 06:27:11,927 Cleaning registries for queue: Users-cosmaskiplagat-DEV-develop-frappe-bench:default
2025-02-27 06:27:11,927 Cleaning registries for queue: Users-cosmaskiplagat-DEV-develop-frappe-bench:long
2025-02-27 06:42:23,229 Cleaning registries for queue: Users-cosmaskiplagat-DEV-develop-frappe-bench:short
2025-02-27 06:42:23,229 Cleaning registries for queue: Users-cosmaskiplagat-DEV-develop-frappe-bench:default
2025-02-27 06:42:23,229 Cleaning registries for queue: Users-cosmaskiplagat-DEV-develop-frappe-bench:long
2025-02-27 07:10:09,198 Cleaning registries for queue: Users-cosmaskiplagat-DEV-develop-frappe-bench:short
2025-02-27 07:10:09,198 Cleaning registries for queue: Users-cosmaskiplagat-DEV-develop-frappe-bench:default
2025-02-27 07:10:09,199 Cleaning registries for queue: Users-cosmaskiplagat-DEV-develop-frappe-bench:long
2025-02-27 07:25:20,388 Cleaning registries for queue: Users-cosmaskiplagat-DEV-develop-frappe-bench:short
2025-02-27 07:25:20,388 Cleaning registries for queue: Users-cosmaskiplagat-DEV-develop-frappe-bench:default
2025-02-27 07:25:20,388 Cleaning registries for queue: Users-cosmaskiplagat-DEV-develop-frappe-bench:long
2025-02-27 07:40:42,855 Cleaning registries for queue: Users-cosmaskiplagat-DEV-develop-frappe-bench:short
2025-02-27 07:40:42,856 Cleaning registries for queue: Users-cosmaskiplagat-DEV-develop-frappe-bench:default
2025-02-27 07:40:42,857 Cleaning registries for queue: Users-cosmaskiplagat-DEV-develop-frappe-bench:long
2025-02-27 07:55:52,390 Cleaning registries for queue: Users-cosmaskiplagat-DEV-develop-frappe-bench:short
2025-02-27 07:55:52,391 Cleaning registries for queue: Users-cosmaskiplagat-DEV-develop-frappe-bench:default
2025-02-27 07:55:52,391 Cleaning registries for queue: Users-cosmaskiplagat-DEV-develop-frappe-bench:long
2025-02-27 08:24:25,197 Cleaning registries for queue: Users-cosmaskiplagat-DEV-develop-frappe-bench:short
2025-02-27 08:24:25,198 Cleaning registries for queue: Users-cosmaskiplagat-DEV-develop-frappe-bench:default
2025-02-27 08:24:25,198 Cleaning registries for queue: Users-cosmaskiplagat-DEV-develop-frappe-bench:long
2025-02-27 08:28:48,264 Worker be9d6b430684460cae5f61cbee746ec8 [PID 70005]: warm shut down requested
2025-02-27 08:28:48,485 Worker f41ba702018445059cb280e8c221f166 [PID 68459]: warm shut down requested
2025-02-27 08:28:48,619 Worker a118d1753b0147e08679388840f20a2b [PID 50986]: warm shut down requested
2025-02-27 08:43:39,686 Worker rq:worker:94c08391f83140159875ad3b78db4ad5 started with PID 8010, version 1.14.1
2025-02-27 08:43:39,686 Subscribing to channel rq:pubsub:94c08391f83140159875ad3b78db4ad5
2025-02-27 08:43:39,687 *** Listening on Users-cosmaskiplagat-DEV-develop-frappe-bench:short, Users-cosmaskiplagat-DEV-develop-frappe-bench:default, Users-cosmaskiplagat-DEV-develop-frappe-bench:long...
2025-02-27 08:43:39,687 Cleaning registries for queue: Users-cosmaskiplagat-DEV-develop-frappe-bench:short
2025-02-27 08:43:39,689 Cleaning registries for queue: Users-cosmaskiplagat-DEV-develop-frappe-bench:default
2025-02-27 08:43:39,690 Cleaning registries for queue: Users-cosmaskiplagat-DEV-develop-frappe-bench:long
2025-02-27 09:10:39,927 Cleaning registries for queue: Users-cosmaskiplagat-DEV-develop-frappe-bench:short
2025-02-27 09:10:39,939 Cleaning registries for queue: Users-cosmaskiplagat-DEV-develop-frappe-bench:default
2025-02-27 09:10:39,941 Cleaning registries for queue: Users-cosmaskiplagat-DEV-develop-frappe-bench:long
2025-02-27 09:37:40,199 Cleaning registries for queue: Users-cosmaskiplagat-DEV-develop-frappe-bench:short
2025-02-27 09:37:40,207 Cleaning registries for queue: Users-cosmaskiplagat-DEV-develop-frappe-bench:default
2025-02-27 09:37:40,214 Cleaning registries for queue: Users-cosmaskiplagat-DEV-develop-frappe-bench:long
2025-02-27 10:04:40,432 Cleaning registries for queue: Users-cosmaskiplagat-DEV-develop-frappe-bench:short
2025-02-27 10:04:40,438 Cleaning registries for queue: Users-cosmaskiplagat-DEV-develop-frappe-bench:default
2025-02-27 10:04:40,440 Cleaning registries for queue: Users-cosmaskiplagat-DEV-develop-frappe-bench:long
2025-02-27 10:22:50,427 Users-cosmaskiplagat-DEV-develop-frappe-bench:long: frappe.utils.background_jobs.execute_job(event=None, is_async=True, job_name='<function build_index_for_all_routes at 0x10f34ea70>', kwargs={}, method=<function build_index_for_all_routes at 0x10f34ea70>, site='kigen.local', user='Administrator') (dca8a4e1-9693-4252-9084-c17cbe43a019)
Traceback (most recent call last):
  File "apps/frappe/frappe/utils/background_jobs.py", line 188, in execute_job
    retval = method(**kwargs)
  File "apps/frappe/frappe/search/website_search.py", line 145, in build_index_for_all_routes
    return ws.build()
  File "apps/frappe/frappe/search/full_text_search.py", line 41, in build
    self.documents = self.get_items_to_index()
  File "apps/frappe/frappe/search/website_search.py", line 42, in get_items_to_index
    routes = get_static_pages_from_all_apps() + slugs_with_web_view(self._items_to_index)
  File "apps/frappe/frappe/search/website_search.py", line 121, in get_static_pages_from_all_apps
    path_to_index = frappe.get_app_path(app, "www")
  File "apps/frappe/frappe/__init__.py", line 1372, in get_app_path
    return get_pymodule_path(app_name, *joins)
  File "apps/frappe/frappe/__init__.py", line 1389, in get_pymodule_path
    return os.path.join(os.path.dirname(get_module(scrub(modulename)).__file__ or ""), *joins)
  File "apps/frappe/frappe/__init__.py", line 1343, in get_module
    return importlib.import_module(modulename)
  File "/usr/local/Cellar/python@3.10/3.10.16/Frameworks/Python.framework/Versions/3.10/lib/python3.10/importlib/__init__.py", line 126, in import_module
    return _bootstrap._gcd_import(name[level:], package, level)
  File "<frozen importlib._bootstrap>", line 1050, in _gcd_import
  File "<frozen importlib._bootstrap>", line 1027, in _find_and_load
  File "<frozen importlib._bootstrap>", line 1004, in _find_and_load_unlocked
ModuleNotFoundError: No module named 'education'

2025-02-27 10:29:36,783 Cleaning registries for queue: Users-cosmaskiplagat-DEV-develop-frappe-bench:short
2025-02-27 10:29:36,791 Cleaning registries for queue: Users-cosmaskiplagat-DEV-develop-frappe-bench:default
2025-02-27 10:29:36,792 Cleaning registries for queue: Users-cosmaskiplagat-DEV-develop-frappe-bench:long
2025-02-27 10:55:18,231 Worker 94c08391f83140159875ad3b78db4ad5 [PID 8010]: warm shut down requested
2025-02-27 10:55:18,246 Unsubscribing from channel rq:pubsub:94c08391f83140159875ad3b78db4ad5
2025-02-27 10:57:06,714 Worker rq:worker:93c26999a5dc4aaf9745610725582741 started with PID 4069, version 1.14.1
2025-02-27 10:57:06,715 Subscribing to channel rq:pubsub:93c26999a5dc4aaf9745610725582741
2025-02-27 10:57:06,715 *** Listening on Users-cosmaskiplagat-DEV-develop-frappe-bench:short, Users-cosmaskiplagat-DEV-develop-frappe-bench:default, Users-cosmaskiplagat-DEV-develop-frappe-bench:long...
2025-02-27 10:57:06,716 Cleaning registries for queue: Users-cosmaskiplagat-DEV-develop-frappe-bench:short
2025-02-27 10:57:06,717 Cleaning registries for queue: Users-cosmaskiplagat-DEV-develop-frappe-bench:default
2025-02-27 10:57:06,718 Cleaning registries for queue: Users-cosmaskiplagat-DEV-develop-frappe-bench:long
2025-02-27 11:24:06,854 Cleaning registries for queue: Users-cosmaskiplagat-DEV-develop-frappe-bench:short
2025-02-27 11:24:06,862 Cleaning registries for queue: Users-cosmaskiplagat-DEV-develop-frappe-bench:default
2025-02-27 11:24:06,864 Cleaning registries for queue: Users-cosmaskiplagat-DEV-develop-frappe-bench:long
2025-02-27 11:51:07,067 Cleaning registries for queue: Users-cosmaskiplagat-DEV-develop-frappe-bench:short
2025-02-27 11:51:07,074 Cleaning registries for queue: Users-cosmaskiplagat-DEV-develop-frappe-bench:default
2025-02-27 11:51:07,076 Cleaning registries for queue: Users-cosmaskiplagat-DEV-develop-frappe-bench:long
2025-02-27 12:18:07,260 Cleaning registries for queue: Users-cosmaskiplagat-DEV-develop-frappe-bench:short
2025-02-27 12:18:07,267 Cleaning registries for queue: Users-cosmaskiplagat-DEV-develop-frappe-bench:default
2025-02-27 12:18:07,269 Cleaning registries for queue: Users-cosmaskiplagat-DEV-develop-frappe-bench:long
