2025-02-23 11:51:13,942 WARNING database DDL Query made to DB:
create table `tabStudent Guardian` (
			name varchar(140) primary key,
			creation datetime(6),
			modified datetime(6),
			modified_by varchar(140),
			owner varchar(140),
			docstatus int(1) not null default '0',
			idx int(8) not null default '0',
			`guardian` varchar(140),
`guardian_name` varchar(140),
`relation` varchar(140),
parent varchar(140),
parentfield varchar(140),
parenttype varchar(140),
index parent(parent),

			index modified(modified))
			ENGINE=InnoDB
			ROW_FORMAT=DYNAMIC
			CHARACTER SET=utf8mb4
			COLLATE=utf8mb4_unicode_ci
2025-02-23 11:51:14,046 WARNING database DDL Query made to DB:
create table `tabFee Schedule Program` (
			name varchar(140) primary key,
			creation datetime(6),
			modified datetime(6),
			modified_by varchar(140),
			owner varchar(140),
			docstatus int(1) not null default '0',
			idx int(8) not null default '0',
			`program` varchar(140),
`student_batch` varchar(140),
`total_students` varchar(140),
parent varchar(140),
parentfield varchar(140),
parenttype varchar(140),
index parent(parent),

			index modified(modified))
			ENGINE=InnoDB
			ROW_FORMAT=DYNAMIC
			CHARACTER SET=utf8mb4
			COLLATE=utf8mb4_unicode_ci
2025-02-23 11:51:14,147 WARNING database DDL Query made to DB:
create table `tabQuiz Question` (
			name varchar(140) primary key,
			creation datetime(6),
			modified datetime(6),
			modified_by varchar(140),
			owner varchar(140),
			docstatus int(1) not null default '0',
			idx int(8) not null default '0',
			`question_link` varchar(140),
`question` longtext,
parent varchar(140),
parentfield varchar(140),
parenttype varchar(140),
index parent(parent),

			index modified(modified))
			ENGINE=InnoDB
			ROW_FORMAT=DYNAMIC
			CHARACTER SET=utf8mb4
			COLLATE=utf8mb4_unicode_ci
2025-02-23 11:51:14,275 WARNING database DDL Query made to DB:
create table `tabStudent Group` (
			name varchar(140) primary key,
			creation datetime(6),
			modified datetime(6),
			modified_by varchar(140),
			owner varchar(140),
			docstatus int(1) not null default '0',
			idx int(8) not null default '0',
			`academic_year` varchar(140),
`group_based_on` varchar(140),
`student_group_name` varchar(140) unique,
`max_strength` int(11) not null default 0,
`academic_term` varchar(140),
`program` varchar(140),
`batch` varchar(140),
`student_category` varchar(140),
`course` varchar(140),
`disabled` int(1) not null default 0,
`_user_tags` text,
`_comments` text,
`_assign` text,
`_liked_by` text,

			index modified(modified))
			ENGINE=InnoDB
			ROW_FORMAT=DYNAMIC
			CHARACTER SET=utf8mb4
			COLLATE=utf8mb4_unicode_ci
2025-02-23 11:51:14,411 WARNING database DDL Query made to DB:
create table `tabCourse Schedule` (
			name varchar(140) primary key,
			creation datetime(6),
			modified datetime(6),
			modified_by varchar(140),
			owner varchar(140),
			docstatus int(1) not null default '0',
			idx int(8) not null default '0',
			`student_group` varchar(140),
`instructor` varchar(140),
`instructor_name` varchar(140),
`naming_series` varchar(140),
`program` varchar(140),
`course` varchar(140),
`color` varchar(140),
`class_schedule_color` varchar(140) default 'blue',
`schedule_date` date,
`room` varchar(140),
`from_time` time(6),
`to_time` time(6),
`title` varchar(140),
`_user_tags` text,
`_comments` text,
`_assign` text,
`_liked_by` text,

			index modified(modified))
			ENGINE=InnoDB
			ROW_FORMAT=DYNAMIC
			CHARACTER SET=utf8mb4
			COLLATE=utf8mb4_unicode_ci
2025-02-23 11:51:14,535 WARNING database DDL Query made to DB:
create table `tabGrading Scale` (
			name varchar(140) primary key,
			creation datetime(6),
			modified datetime(6),
			modified_by varchar(140),
			owner varchar(140),
			docstatus int(1) not null default '0',
			idx int(8) not null default '0',
			`grading_scale_name` varchar(140) unique,
`amended_from` varchar(140),
`description` text,
`_user_tags` text,
`_comments` text,
`_assign` text,
`_liked_by` text,

			index modified(modified))
			ENGINE=InnoDB
			ROW_FORMAT=DYNAMIC
			CHARACTER SET=utf8mb4
			COLLATE=utf8mb4_unicode_ci
2025-02-23 11:51:14,650 WARNING database DDL Query made to DB:
create table `tabFee Schedule Student Group` (
			name varchar(140) primary key,
			creation datetime(6),
			modified datetime(6),
			modified_by varchar(140),
			owner varchar(140),
			docstatus int(1) not null default '0',
			idx int(8) not null default '0',
			`student_group` varchar(140),
`total_students` varchar(140),
parent varchar(140),
parentfield varchar(140),
parenttype varchar(140),
index parent(parent),

			index modified(modified))
			ENGINE=InnoDB
			ROW_FORMAT=DYNAMIC
			CHARACTER SET=utf8mb4
			COLLATE=utf8mb4_unicode_ci
2025-02-23 11:51:14,771 WARNING database DDL Query made to DB:
create table `tabProgram` (
			name varchar(140) primary key,
			creation datetime(6),
			modified datetime(6),
			modified_by varchar(140),
			owner varchar(140),
			docstatus int(1) not null default '0',
			idx int(8) not null default '0',
			`program_name` varchar(140) unique,
`department` varchar(140),
`hero_image` text,
`program_abbreviation` varchar(140),
`_user_tags` text,
`_comments` text,
`_assign` text,
`_liked_by` text,

			index modified(modified))
			ENGINE=InnoDB
			ROW_FORMAT=DYNAMIC
			CHARACTER SET=utf8mb4
			COLLATE=utf8mb4_unicode_ci
2025-02-23 11:51:14,987 WARNING database DDL Query made to DB:
create table `tabPayment Record` (
			name varchar(140) primary key,
			creation datetime(6),
			modified datetime(6),
			modified_by varchar(140),
			owner varchar(140),
			docstatus int(1) not null default '0',
			idx int(8) not null default '0',
			`student` varchar(140),
`mobile` varchar(140),
`email` varchar(140),
`status` varchar(140),
`against_invoice` varchar(140),
`order_id` varchar(140),
`payment_id` varchar(140),
`signature` varchar(140),
`failure_description` text,
`amount` decimal(21,9) not null default 0,
`currency` varchar(140),
`address_line_1` varchar(140),
`address_line_2` varchar(140),
`pincode` varchar(140),
`city` varchar(140),
`state` varchar(140),
`country` varchar(140),
`_user_tags` text,
`_comments` text,
`_assign` text,
`_liked_by` text,

			index modified(modified))
			ENGINE=InnoDB
			ROW_FORMAT=DYNAMIC
			CHARACTER SET=utf8mb4
			COLLATE=utf8mb4_unicode_ci
2025-02-23 11:51:15,152 WARNING database DDL Query made to DB:
create table `tabStudent Siblings` (
			name varchar(140) primary key,
			creation datetime(6),
			modified datetime(6),
			modified_by varchar(140),
			owner varchar(140),
			docstatus int(1) not null default '0',
			idx int(8) not null default '0',
			`name1` varchar(140),
`gender` varchar(140),
`date_of_birth` date,
parent varchar(140),
parentfield varchar(140),
parenttype varchar(140),
index parent(parent),

			index modified(modified))
			ENGINE=InnoDB
			ROW_FORMAT=DYNAMIC
			CHARACTER SET=utf8mb4
			COLLATE=utf8mb4_unicode_ci
2025-02-23 11:51:15,265 WARNING database DDL Query made to DB:
create table `tabAssessment Result Detail` (
			name varchar(140) primary key,
			creation datetime(6),
			modified datetime(6),
			modified_by varchar(140),
			owner varchar(140),
			docstatus int(1) not null default '0',
			idx int(8) not null default '0',
			`assessment_criteria` varchar(140),
`maximum_score` decimal(21,9) not null default 0,
`score` decimal(21,9) not null default 0,
`grade` varchar(140),
parent varchar(140),
parentfield varchar(140),
parenttype varchar(140),
index parent(parent),

			index modified(modified))
			ENGINE=InnoDB
			ROW_FORMAT=DYNAMIC
			CHARACTER SET=utf8mb4
			COLLATE=utf8mb4_unicode_ci
2025-02-23 11:51:15,385 WARNING database DDL Query made to DB:
create table `tabStudent Admission` (
			name varchar(140) primary key,
			creation datetime(6),
			modified datetime(6),
			modified_by varchar(140),
			owner varchar(140),
			docstatus int(1) not null default '0',
			idx int(8) not null default '0',
			`title` varchar(140),
`route` varchar(140) unique,
`published` int(1) not null default 0,
`enable_admission_application` int(1) not null default 0,
`academic_year` varchar(140),
`admission_start_date` date,
`admission_end_date` date,
`introduction` longtext,
`_user_tags` text,
`_comments` text,
`_assign` text,
`_liked_by` text,

			index modified(modified))
			ENGINE=InnoDB
			ROW_FORMAT=DYNAMIC
			CHARACTER SET=utf8mb4
			COLLATE=utf8mb4_unicode_ci
2025-02-23 11:51:15,507 WARNING database DDL Query made to DB:
create table `tabFee Category Default` (
			name varchar(140) primary key,
			creation datetime(6),
			modified datetime(6),
			modified_by varchar(140),
			owner varchar(140),
			docstatus int(1) not null default '0',
			idx int(8) not null default '0',
			`company` varchar(140),
`income_account` varchar(140),
`selling_cost_center` varchar(140),
parent varchar(140),
parentfield varchar(140),
parenttype varchar(140),
index parent(parent),

			index modified(modified))
			ENGINE=InnoDB
			ROW_FORMAT=DYNAMIC
			CHARACTER SET=utf8mb4
			COLLATE=utf8mb4_unicode_ci
2025-02-23 11:51:15,621 WARNING database DDL Query made to DB:
create table `tabStudent Log` (
			name varchar(140) primary key,
			creation datetime(6),
			modified datetime(6),
			modified_by varchar(140),
			owner varchar(140),
			docstatus int(1) not null default '0',
			idx int(8) not null default '0',
			`student` varchar(140),
`student_name` varchar(140),
`type` varchar(140),
`date` date,
`academic_year` varchar(140),
`academic_term` varchar(140),
`program` varchar(140),
`student_batch` varchar(140),
`log` longtext,
`_user_tags` text,
`_comments` text,
`_assign` text,
`_liked_by` text,
`_seen` text,

			index modified(modified))
			ENGINE=InnoDB
			ROW_FORMAT=DYNAMIC
			CHARACTER SET=utf8mb4
			COLLATE=utf8mb4_unicode_ci
2025-02-23 11:51:15,735 WARNING database DDL Query made to DB:
create table `tabTopic Content` (
			name varchar(140) primary key,
			creation datetime(6),
			modified datetime(6),
			modified_by varchar(140),
			owner varchar(140),
			docstatus int(1) not null default '0',
			idx int(8) not null default '0',
			`content_type` varchar(140),
`content` varchar(140),
parent varchar(140),
parentfield varchar(140),
parenttype varchar(140),
index parent(parent),

			index modified(modified))
			ENGINE=InnoDB
			ROW_FORMAT=DYNAMIC
			CHARACTER SET=utf8mb4
			COLLATE=utf8mb4_unicode_ci
2025-02-23 11:51:15,901 WARNING database DDL Query made to DB:
create table `tabStudent Sibling` (
			name varchar(140) primary key,
			creation datetime(6),
			modified datetime(6),
			modified_by varchar(140),
			owner varchar(140),
			docstatus int(1) not null default '0',
			idx int(8) not null default '0',
			`studying_in_same_institute` varchar(140),
`full_name` varchar(140),
`gender` varchar(140),
`student` varchar(140),
`institution` varchar(140),
`program` varchar(140),
`date_of_birth` date,
parent varchar(140),
parentfield varchar(140),
parenttype varchar(140),
index parent(parent),

			index modified(modified))
			ENGINE=InnoDB
			ROW_FORMAT=DYNAMIC
			CHARACTER SET=utf8mb4
			COLLATE=utf8mb4_unicode_ci
2025-02-23 11:51:16,296 WARNING database DDL Query made to DB:
create table `tabGuardian` (
			name varchar(140) primary key,
			creation datetime(6),
			modified datetime(6),
			modified_by varchar(140),
			owner varchar(140),
			docstatus int(1) not null default '0',
			idx int(8) not null default '0',
			`guardian_name` varchar(140),
`email_address` varchar(140),
`mobile_number` varchar(140),
`alternate_number` varchar(140),
`date_of_birth` date,
`user` varchar(140),
`education` varchar(140),
`occupation` varchar(140),
`designation` varchar(140),
`work_address` text,
`image` text,
`_user_tags` text,
`_comments` text,
`_assign` text,
`_liked_by` text,

			index modified(modified))
			ENGINE=InnoDB
			ROW_FORMAT=DYNAMIC
			CHARACTER SET=utf8mb4
			COLLATE=utf8mb4_unicode_ci
2025-02-23 11:51:16,418 WARNING database DDL Query made to DB:
create table `tabProgram Enrollment Fee` (
			name varchar(140) primary key,
			creation datetime(6),
			modified datetime(6),
			modified_by varchar(140),
			owner varchar(140),
			docstatus int(1) not null default '0',
			idx int(8) not null default '0',
			`academic_term` varchar(140),
`fee_structure` varchar(140),
`due_date` date,
`amount` decimal(21,9) not null default 0,
parent varchar(140),
parentfield varchar(140),
parenttype varchar(140),
index parent(parent),

			index modified(modified))
			ENGINE=InnoDB
			ROW_FORMAT=DYNAMIC
			CHARACTER SET=utf8mb4
			COLLATE=utf8mb4_unicode_ci
2025-02-23 11:51:16,531 WARNING database DDL Query made to DB:
create table `tabArticle` (
			name varchar(140) primary key,
			creation datetime(6),
			modified datetime(6),
			modified_by varchar(140),
			owner varchar(140),
			docstatus int(1) not null default '0',
			idx int(8) not null default '0',
			`title` varchar(140) unique,
`author` varchar(140),
`content` longtext,
`publish_date` date,
`_user_tags` text,
`_comments` text,
`_assign` text,
`_liked_by` text,

			index modified(modified))
			ENGINE=InnoDB
			ROW_FORMAT=DYNAMIC
			CHARACTER SET=utf8mb4
			COLLATE=utf8mb4_unicode_ci
2025-02-23 11:51:16,679 WARNING database DDL Query made to DB:
create table `tabAssessment Result` (
			name varchar(140) primary key,
			creation datetime(6),
			modified datetime(6),
			modified_by varchar(140),
			owner varchar(140),
			docstatus int(1) not null default '0',
			idx int(8) not null default '0',
			`assessment_plan` varchar(140),
`program` varchar(140),
`course` varchar(140),
`academic_year` varchar(140),
`academic_term` varchar(140),
`student` varchar(140),
`student_name` varchar(140),
`student_group` varchar(140),
`assessment_group` varchar(140),
`grading_scale` varchar(140),
`maximum_score` decimal(21,9) not null default 0,
`total_score` decimal(21,9) not null default 0,
`grade` varchar(140),
`comment` text,
`amended_from` varchar(140),
`_user_tags` text,
`_comments` text,
`_assign` text,
`_liked_by` text,

			index modified(modified))
			ENGINE=InnoDB
			ROW_FORMAT=DYNAMIC
			CHARACTER SET=utf8mb4
			COLLATE=utf8mb4_unicode_ci
2025-02-23 11:51:16,813 WARNING database DDL Query made to DB:
create table `tabStudent Leave Application` (
			name varchar(140) primary key,
			creation datetime(6),
			modified datetime(6),
			modified_by varchar(140),
			owner varchar(140),
			docstatus int(1) not null default '0',
			idx int(8) not null default '0',
			`student` varchar(140),
`student_name` varchar(140),
`from_date` date,
`to_date` date,
`total_leave_days` decimal(21,9) not null default 0,
`attendance_based_on` varchar(140) default 'Student Group',
`student_group` varchar(140),
`course_schedule` varchar(140),
`mark_as_present` int(1) not null default 0,
`reason` text,
`amended_from` varchar(140),
`_user_tags` text,
`_comments` text,
`_assign` text,
`_liked_by` text,

			index modified(modified))
			ENGINE=InnoDB
			ROW_FORMAT=DYNAMIC
			CHARACTER SET=utf8mb4
			COLLATE=utf8mb4_unicode_ci
2025-02-23 11:51:16,949 WARNING database DDL Query made to DB:
create table `tabAcademic Year` (
			name varchar(140) primary key,
			creation datetime(6),
			modified datetime(6),
			modified_by varchar(140),
			owner varchar(140),
			docstatus int(1) not null default '0',
			idx int(8) not null default '0',
			`academic_year_name` varchar(140) unique,
`year_start_date` date,
`year_end_date` date,
`_user_tags` text,
`_comments` text,
`_assign` text,
`_liked_by` text,

			index modified(modified))
			ENGINE=InnoDB
			ROW_FORMAT=DYNAMIC
			CHARACTER SET=utf8mb4
			COLLATE=utf8mb4_unicode_ci
2025-02-23 11:51:17,095 WARNING database DDL Query made to DB:
create table `tabAssessment Criteria` (
			name varchar(140) primary key,
			creation datetime(6),
			modified datetime(6),
			modified_by varchar(140),
			owner varchar(140),
			docstatus int(1) not null default '0',
			idx int(8) not null default '0',
			`assessment_criteria` varchar(140),
`assessment_criteria_group` varchar(140),
`_user_tags` text,
`_comments` text,
`_assign` text,
`_liked_by` text,

			index modified(modified))
			ENGINE=InnoDB
			ROW_FORMAT=DYNAMIC
			CHARACTER SET=utf8mb4
			COLLATE=utf8mb4_unicode_ci
2025-02-23 11:51:17,221 WARNING database DDL Query made to DB:
create table `tabCourse Enrollment` (
			name varchar(140) primary key,
			creation datetime(6),
			modified datetime(6),
			modified_by varchar(140),
			owner varchar(140),
			docstatus int(1) not null default '0',
			idx int(8) not null default '0',
			`program_enrollment` varchar(140),
`program` varchar(140),
`enrollment_date` date,
`course` varchar(140),
`student` varchar(140),
`student_name` varchar(140),
`_user_tags` text,
`_comments` text,
`_assign` text,
`_liked_by` text,

			index modified(modified))
			ENGINE=InnoDB
			ROW_FORMAT=DYNAMIC
			CHARACTER SET=utf8mb4
			COLLATE=utf8mb4_unicode_ci
2025-02-23 11:51:17,349 WARNING database DDL Query made to DB:
create table `tabSchool House` (
			name varchar(140) primary key,
			creation datetime(6),
			modified datetime(6),
			modified_by varchar(140),
			owner varchar(140),
			docstatus int(1) not null default '0',
			idx int(8) not null default '0',
			`house_name` varchar(140),
`_user_tags` text,
`_comments` text,
`_assign` text,
`_liked_by` text,

			index modified(modified))
			ENGINE=InnoDB
			ROW_FORMAT=DYNAMIC
			CHARACTER SET=utf8mb4
			COLLATE=utf8mb4_unicode_ci
2025-02-23 11:51:17,626 WARNING database DDL Query made to DB:
create table `tabCourse Topic` (
			name varchar(140) primary key,
			creation datetime(6),
			modified datetime(6),
			modified_by varchar(140),
			owner varchar(140),
			docstatus int(1) not null default '0',
			idx int(8) not null default '0',
			`topic` varchar(140),
`topic_name` varchar(140),
parent varchar(140),
parentfield varchar(140),
parenttype varchar(140),
index parent(parent),

			index modified(modified))
			ENGINE=InnoDB
			ROW_FORMAT=DYNAMIC
			CHARACTER SET=utf8mb4
			COLLATE=utf8mb4_unicode_ci
2025-02-23 11:51:17,744 WARNING database DDL Query made to DB:
create table `tabInstructor` (
			name varchar(140) primary key,
			creation datetime(6),
			modified datetime(6),
			modified_by varchar(140),
			owner varchar(140),
			docstatus int(1) not null default '0',
			idx int(8) not null default '0',
			`instructor_name` varchar(140),
`employee` varchar(140),
`gender` varchar(140),
`status` varchar(140) default 'Active',
`naming_series` varchar(140),
`department` varchar(140),
`image` text,
`_user_tags` text,
`_comments` text,
`_assign` text,
`_liked_by` text,

			index modified(modified))
			ENGINE=InnoDB
			ROW_FORMAT=DYNAMIC
			CHARACTER SET=utf8mb4
			COLLATE=utf8mb4_unicode_ci
2025-02-23 11:51:17,873 WARNING database DDL Query made to DB:
create table `tabGuardian Interest` (
			name varchar(140) primary key,
			creation datetime(6),
			modified datetime(6),
			modified_by varchar(140),
			owner varchar(140),
			docstatus int(1) not null default '0',
			idx int(8) not null default '0',
			`interest` varchar(140),
parent varchar(140),
parentfield varchar(140),
parenttype varchar(140),
index parent(parent),

			index modified(modified))
			ENGINE=InnoDB
			ROW_FORMAT=DYNAMIC
			CHARACTER SET=utf8mb4
			COLLATE=utf8mb4_unicode_ci
2025-02-23 11:51:18,036 WARNING database DDL Query made to DB:
create table `tabStudent Admission Program` (
			name varchar(140) primary key,
			creation datetime(6),
			modified datetime(6),
			modified_by varchar(140),
			owner varchar(140),
			docstatus int(1) not null default '0',
			idx int(8) not null default '0',
			`program` varchar(140),
`min_age` int(11) not null default 0,
`max_age` int(11) not null default 0,
`description` text,
`application_fee` decimal(21,9) not null default 0,
`applicant_naming_series` varchar(140),
parent varchar(140),
parentfield varchar(140),
parenttype varchar(140),
index parent(parent),

			index modified(modified))
			ENGINE=InnoDB
			ROW_FORMAT=DYNAMIC
			CHARACTER SET=utf8mb4
			COLLATE=utf8mb4_unicode_ci
2025-02-23 11:51:18,140 WARNING database DDL Query made to DB:
create table `tabQuiz Result` (
			name varchar(140) primary key,
			creation datetime(6),
			modified datetime(6),
			modified_by varchar(140),
			owner varchar(140),
			docstatus int(1) not null default '0',
			idx int(8) not null default '0',
			`question` varchar(140),
`selected_option` varchar(140),
`quiz_result` varchar(140),
parent varchar(140),
parentfield varchar(140),
parenttype varchar(140),
index parent(parent),

			index modified(modified))
			ENGINE=InnoDB
			ROW_FORMAT=DYNAMIC
			CHARACTER SET=utf8mb4
			COLLATE=utf8mb4_unicode_ci
2025-02-23 11:51:18,260 WARNING database DDL Query made to DB:
create table `tabCourse Activity` (
			name varchar(140) primary key,
			creation datetime(6),
			modified datetime(6),
			modified_by varchar(140),
			owner varchar(140),
			docstatus int(1) not null default '0',
			idx int(8) not null default '0',
			`enrollment` varchar(140),
`course` varchar(140),
`student` varchar(140),
`content_type` varchar(140),
`content` varchar(140),
`activity_date` datetime(6),
`_user_tags` text,
`_comments` text,
`_assign` text,
`_liked_by` text,

			index modified(modified))
			ENGINE=InnoDB
			ROW_FORMAT=DYNAMIC
			CHARACTER SET=utf8mb4
			COLLATE=utf8mb4_unicode_ci
2025-02-23 11:51:18,389 WARNING database DDL Query made to DB:
create table `tabAssessment Group` (
			name varchar(140) primary key,
			creation datetime(6),
			modified datetime(6),
			modified_by varchar(140),
			owner varchar(140),
			docstatus int(1) not null default '0',
			idx int(8) not null default '0',
			`assessment_group_name` varchar(140) unique,
`parent_assessment_group` varchar(140),
`is_group` int(1) not null default 0,
`lft` int(11) not null default 0,
`rgt` int(11) not null default 0,
`old_parent` varchar(140),
`_user_tags` text,
`_comments` text,
`_assign` text,
`_liked_by` text,

			index modified(modified))
			ENGINE=InnoDB
			ROW_FORMAT=DYNAMIC
			CHARACTER SET=utf8mb4
			COLLATE=utf8mb4_unicode_ci
2025-02-23 11:51:18,506 WARNING database DDL Query made to DB:
create table `tabAssessment Plan Criteria` (
			name varchar(140) primary key,
			creation datetime(6),
			modified datetime(6),
			modified_by varchar(140),
			owner varchar(140),
			docstatus int(1) not null default '0',
			idx int(8) not null default '0',
			`assessment_criteria` varchar(140),
`maximum_score` decimal(21,9) not null default 0,
parent varchar(140),
parentfield varchar(140),
parenttype varchar(140),
index parent(parent),

			index modified(modified))
			ENGINE=InnoDB
			ROW_FORMAT=DYNAMIC
			CHARACTER SET=utf8mb4
			COLLATE=utf8mb4_unicode_ci
2025-02-23 11:51:23,168 WARNING database DDL Query made to DB:
ALTER TABLE `tabSales Order` ADD COLUMN `student` varchar(140), ADD COLUMN `fee_schedule` varchar(140)
2025-02-23 11:51:23,213 WARNING database DDL Query made to DB:
ALTER TABLE `tabSales Order` MODIFY `grand_total` decimal(21,9) not null default 0, MODIFY `rounding_adjustment` decimal(21,9) not null default 0, MODIFY `rounded_total` decimal(21,9) not null default 0, MODIFY `advance_paid` decimal(21,9) not null default 0, MODIFY `discount_amount` decimal(21,9) not null default 0, MODIFY `plc_conversion_rate` decimal(21,9) not null default 0, MODIFY `per_delivered` decimal(21,9) not null default 0, MODIFY `per_billed` decimal(21,9) not null default 0, MODIFY `per_picked` decimal(21,9) not null default 0, MODIFY `amount_eligible_for_commission` decimal(21,9) not null default 0, MODIFY `base_rounding_adjustment` decimal(21,9) not null default 0, MODIFY `commission_rate` decimal(21,9) not null default 0, MODIFY `total_commission` decimal(21,9) not null default 0, MODIFY `loyalty_amount` decimal(21,9) not null default 0, MODIFY `base_discount_amount` decimal(21,9) not null default 0, MODIFY `total_qty` decimal(21,9) not null default 0, MODIFY `base_net_total` decimal(21,9) not null default 0, MODIFY `net_total` decimal(21,9) not null default 0, MODIFY `base_total_taxes_and_charges` decimal(21,9) not null default 0, MODIFY `total_net_weight` decimal(21,9) not null default 0, MODIFY `additional_discount_percentage` decimal(21,9) not null default 0, MODIFY `base_grand_total` decimal(21,9) not null default 0, MODIFY `base_total` decimal(21,9) not null default 0, MODIFY `conversion_rate` decimal(21,9) not null default 0, MODIFY `total_taxes_and_charges` decimal(21,9) not null default 0, MODIFY `total` decimal(21,9) not null default 0, MODIFY `base_rounded_total` decimal(21,9) not null default 0
2025-02-23 11:51:23,362 WARNING database DDL Query made to DB:
ALTER TABLE `tabSales Invoice` ADD COLUMN `student` varchar(140), ADD COLUMN `fee_schedule` varchar(140)
2025-02-23 11:51:23,407 WARNING database DDL Query made to DB:
ALTER TABLE `tabSales Invoice` MODIFY `base_change_amount` decimal(21,9) not null default 0, MODIFY `base_total_taxes_and_charges` decimal(21,9) not null default 0, MODIFY `total_taxes_and_charges` decimal(21,9) not null default 0, MODIFY `base_paid_amount` decimal(21,9) not null default 0, MODIFY `base_grand_total` decimal(21,9) not null default 0, MODIFY `base_rounding_adjustment` decimal(21,9) not null default 0, MODIFY `paid_amount` decimal(21,9) not null default 0, MODIFY `base_rounded_total` decimal(21,9) not null default 0, MODIFY `net_total` decimal(21,9) not null default 0, MODIFY `rounded_total` decimal(21,9) not null default 0, MODIFY `amount_eligible_for_commission` decimal(21,9) not null default 0, MODIFY `change_amount` decimal(21,9) not null default 0, MODIFY `total_qty` decimal(21,9) not null default 0, MODIFY `commission_rate` decimal(21,9) not null default 0, MODIFY `total_commission` decimal(21,9) not null default 0, MODIFY `write_off_amount` decimal(21,9) not null default 0, MODIFY `base_write_off_amount` decimal(21,9) not null default 0, MODIFY `plc_conversion_rate` decimal(21,9) not null default 0, MODIFY `base_discount_amount` decimal(21,9) not null default 0, MODIFY `total_billing_hours` decimal(21,9) not null default 0, MODIFY `loyalty_amount` decimal(21,9) not null default 0, MODIFY `grand_total` decimal(21,9) not null default 0, MODIFY `total_net_weight` decimal(21,9) not null default 0, MODIFY `base_net_total` decimal(21,9) not null default 0, MODIFY `outstanding_amount` decimal(21,9) not null default 0, MODIFY `conversion_rate` decimal(21,9) not null default 0, MODIFY `rounding_adjustment` decimal(21,9) not null default 0, MODIFY `total` decimal(21,9) not null default 0, MODIFY `additional_discount_percentage` decimal(21,9) not null default 0, MODIFY `base_total` decimal(21,9) not null default 0, MODIFY `discount_amount` decimal(21,9) not null default 0, MODIFY `total_advance` decimal(21,9) not null default 0
2025-02-25 16:47:29,332 WARNING database DDL Query made to DB:
create table `tabLMS Program Member` (
			name varchar(140) primary key,
			creation datetime(6),
			modified datetime(6),
			modified_by varchar(140),
			owner varchar(140),
			docstatus int(1) not null default '0',
			idx int(8) not null default '0',
			`member` varchar(140),
`full_name` varchar(140),
`progress` int(11) not null default 0,
parent varchar(140),
parentfield varchar(140),
parenttype varchar(140),
index parent(parent),

			index modified(modified))
			ENGINE=InnoDB
			ROW_FORMAT=DYNAMIC
			CHARACTER SET=utf8mb4
			COLLATE=utf8mb4_unicode_ci
2025-02-25 16:47:29,561 WARNING database DDL Query made to DB:
create table `tabExercise Latest Submission` (
			name varchar(140) primary key,
			creation datetime(6),
			modified datetime(6),
			modified_by varchar(140),
			owner varchar(140),
			docstatus int(1) not null default '0',
			idx int(8) not null default '0',
			`exercise` varchar(140),
`status` varchar(140),
`batch_old` varchar(140),
`exercise_title` varchar(140),
`course` varchar(140),
`lesson` varchar(140),
`solution` longtext,
`image` longtext,
`test_results` text,
`comments` text,
`latest_submission` varchar(140),
`member` varchar(140),
`member_email` varchar(140),
`member_cohort` varchar(140),
`member_subgroup` varchar(140),
`_user_tags` text,
`_comments` text,
`_assign` text,
`_liked_by` text,
index `exercise`(`exercise`),
index `member_email`(`member_email`),
index `member_cohort`(`member_cohort`),
index `member_subgroup`(`member_subgroup`),

			index modified(modified))
			ENGINE=InnoDB
			ROW_FORMAT=DYNAMIC
			CHARACTER SET=utf8mb4
			COLLATE=utf8mb4_unicode_ci
2025-02-25 16:47:29,732 WARNING database DDL Query made to DB:
create table `tabLMS Batch Timetable` (
			name varchar(140) primary key,
			creation datetime(6),
			modified datetime(6),
			modified_by varchar(140),
			owner varchar(140),
			docstatus int(1) not null default '0',
			idx int(8) not null default '0',
			`reference_doctype` varchar(140),
`reference_docname` varchar(140),
`date` date,
`day` int(11) not null default 0,
`start_time` time(6),
`end_time` time(6),
`duration` varchar(140),
`milestone` int(1) not null default 0,
parent varchar(140),
parentfield varchar(140),
parenttype varchar(140),
index parent(parent),

			index modified(modified))
			ENGINE=InnoDB
			ROW_FORMAT=DYNAMIC
			CHARACTER SET=utf8mb4
			COLLATE=utf8mb4_unicode_ci
2025-02-25 16:47:29,893 WARNING database DDL Query made to DB:
create table `tabLMS Course Review` (
			name varchar(140) primary key,
			creation datetime(6),
			modified datetime(6),
			modified_by varchar(140),
			owner varchar(140),
			docstatus int(1) not null default '0',
			idx int(8) not null default '0',
			`rating` decimal(3,2),
`course` varchar(140),
`review` text,
`_user_tags` text,
`_comments` text,
`_assign` text,
`_liked_by` text,

			index modified(modified))
			ENGINE=InnoDB
			ROW_FORMAT=DYNAMIC
			CHARACTER SET=utf8mb4
			COLLATE=utf8mb4_unicode_ci
2025-02-25 16:47:30,138 WARNING database DDL Query made to DB:
create table `tabPreferred Industry` (
			name varchar(140) primary key,
			creation datetime(6),
			modified datetime(6),
			modified_by varchar(140),
			owner varchar(140),
			docstatus int(1) not null default '0',
			idx int(8) not null default '0',
			`industry` varchar(140),
parent varchar(140),
parentfield varchar(140),
parenttype varchar(140),
index parent(parent),

			index modified(modified))
			ENGINE=InnoDB
			ROW_FORMAT=DYNAMIC
			CHARACTER SET=utf8mb4
			COLLATE=utf8mb4_unicode_ci
2025-02-25 16:47:30,284 WARNING database DDL Query made to DB:
create table `tabPayment Country` (
			name varchar(140) primary key,
			creation datetime(6),
			modified datetime(6),
			modified_by varchar(140),
			owner varchar(140),
			docstatus int(1) not null default '0',
			idx int(8) not null default '0',
			`country` varchar(140),
parent varchar(140),
parentfield varchar(140),
parenttype varchar(140),
index parent(parent),

			index modified(modified))
			ENGINE=InnoDB
			ROW_FORMAT=DYNAMIC
			CHARACTER SET=utf8mb4
			COLLATE=utf8mb4_unicode_ci
2025-02-25 16:47:30,443 WARNING database DDL Query made to DB:
create table `tabCourse Chapter` (
			name varchar(140) primary key,
			creation datetime(6),
			modified datetime(6),
			modified_by varchar(140),
			owner varchar(140),
			docstatus int(1) not null default '0',
			idx int(8) not null default '0',
			`title` varchar(140),
`course` varchar(140),
`course_title` varchar(140),
`is_scorm_package` int(1) not null default 0,
`scorm_package` varchar(140),
`scorm_package_path` longtext,
`manifest_file` longtext,
`launch_file` longtext,
`_user_tags` text,
`_comments` text,
`_assign` text,
`_liked_by` text,

			index modified(modified))
			ENGINE=InnoDB
			ROW_FORMAT=DYNAMIC
			CHARACTER SET=utf8mb4
			COLLATE=utf8mb4_unicode_ci
2025-02-26 09:24:42,133 WARNING database DDL Query made to DB:
create table `tabLMS Batch` (
			name varchar(140) primary key,
			creation datetime(6),
			modified datetime(6),
			modified_by varchar(140),
			owner varchar(140),
			docstatus int(1) not null default '0',
			idx int(8) not null default '0',
			`title` varchar(140),
`start_date` date,
`end_date` date,
`start_time` time(6),
`end_time` time(6),
`timezone` varchar(140),
`published` int(1) not null default 0,
`allow_self_enrollment` int(1) not null default 0,
`certification` int(1) not null default 0,
`description` text,
`medium` varchar(140) default 'Online',
`category` varchar(140),
`confirmation_email_template` varchar(140),
`seat_count` int(11) not null default 0,
`evaluation_end_date` date,
`meta_image` text,
`batch_details` longtext,
`batch_details_raw` longtext,
`timetable_template` varchar(140),
`show_live_class` int(1) not null default 0,
`allow_future` int(1) not null default 1,
`paid_batch` int(1) not null default 0,
`amount` decimal(21,9) not null default 0,
`currency` varchar(140),
`amount_usd` decimal(21,9) not null default 0,
`custom_component` longtext,
`custom_script` longtext,
`_user_tags` text,
`_comments` text,
`_assign` text,
`_liked_by` text,

			index modified(modified))
			ENGINE=InnoDB
			ROW_FORMAT=DYNAMIC
			CHARACTER SET=utf8mb4
			COLLATE=utf8mb4_unicode_ci
2025-02-26 09:24:42,337 WARNING database DDL Query made to DB:
create table `tabLMS Certificate Evaluation` (
			name varchar(140) primary key,
			creation datetime(6),
			modified datetime(6),
			modified_by varchar(140),
			owner varchar(140),
			docstatus int(1) not null default '0',
			idx int(8) not null default '0',
			`member` varchar(140),
`member_name` varchar(140),
`course` varchar(140),
`batch_name` varchar(140),
`evaluator` varchar(140),
`evaluator_name` varchar(140),
`date` date,
`start_time` time(6),
`end_time` time(6),
`rating` decimal(3,2),
`status` varchar(140),
`summary` text,
`_user_tags` text,
`_comments` text,
`_assign` text,
`_liked_by` text,

			index modified(modified))
			ENGINE=InnoDB
			ROW_FORMAT=DYNAMIC
			CHARACTER SET=utf8mb4
			COLLATE=utf8mb4_unicode_ci
2025-02-26 09:24:42,514 WARNING database DDL Query made to DB:
create table `tabLMS Live Class` (
			name varchar(140) primary key,
			creation datetime(6),
			modified datetime(6),
			modified_by varchar(140),
			owner varchar(140),
			docstatus int(1) not null default '0',
			idx int(8) not null default '0',
			`title` varchar(140),
`host` varchar(140),
`batch_name` varchar(140),
`event` varchar(140),
`description` text,
`date` date,
`duration` int(11) not null default 0,
`time` time(6),
`timezone` varchar(140),
`password` text,
`start_url` text,
`auto_recording` varchar(140) default 'No Recording',
`join_url` text,
`_user_tags` text,
`_comments` text,
`_assign` text,
`_liked_by` text,

			index modified(modified))
			ENGINE=InnoDB
			ROW_FORMAT=DYNAMIC
			CHARACTER SET=utf8mb4
			COLLATE=utf8mb4_unicode_ci
2025-02-26 09:24:42,681 WARNING database DDL Query made to DB:
create table `tabLMS Program` (
			name varchar(140) primary key,
			creation datetime(6),
			modified datetime(6),
			modified_by varchar(140),
			owner varchar(140),
			docstatus int(1) not null default '0',
			idx int(8) not null default '0',
			`title` varchar(140) unique,
`_user_tags` text,
`_comments` text,
`_assign` text,
`_liked_by` text,

			index modified(modified))
			ENGINE=InnoDB
			ROW_FORMAT=DYNAMIC
			CHARACTER SET=utf8mb4
			COLLATE=utf8mb4_unicode_ci
2025-02-26 09:24:42,856 WARNING database DDL Query made to DB:
create table `tabLMS Batch Enrollment` (
			name varchar(140) primary key,
			creation datetime(6),
			modified datetime(6),
			modified_by varchar(140),
			owner varchar(140),
			docstatus int(1) not null default '0',
			idx int(8) not null default '0',
			`member` varchar(140),
`member_name` varchar(140),
`member_username` varchar(140),
`batch` varchar(140),
`payment` varchar(140),
`source` varchar(140),
`confirmation_email_sent` int(1) not null default 0,
`_user_tags` text,
`_comments` text,
`_assign` text,
`_liked_by` text,

			index modified(modified))
			ENGINE=InnoDB
			ROW_FORMAT=DYNAMIC
			CHARACTER SET=utf8mb4
			COLLATE=utf8mb4_unicode_ci
2025-02-26 09:24:43,023 WARNING database DDL Query made to DB:
create table `tabInvite Request` (
			name varchar(140) primary key,
			creation datetime(6),
			modified datetime(6),
			modified_by varchar(140),
			owner varchar(140),
			docstatus int(1) not null default '0',
			idx int(8) not null default '0',
			`invite_email` varchar(140) unique,
`signup_email` varchar(140),
`status` varchar(140) default 'Pending',
`full_name` varchar(140),
`username` varchar(140),
`invite_code` varchar(140),
`_user_tags` text,
`_comments` text,
`_assign` text,
`_liked_by` text,

			index modified(modified))
			ENGINE=InnoDB
			ROW_FORMAT=DYNAMIC
			CHARACTER SET=utf8mb4
			COLLATE=utf8mb4_unicode_ci
2025-02-26 09:24:43,168 WARNING database DDL Query made to DB:
create table `tabLMS Badge` (
			name varchar(140) primary key,
			creation datetime(6),
			modified datetime(6),
			modified_by varchar(140),
			owner varchar(140),
			docstatus int(1) not null default '0',
			idx int(8) not null default '0',
			`enabled` int(1) not null default 1,
`title` varchar(140) unique,
`description` text,
`image` text,
`grant_only_once` int(1) not null default 0,
`event` varchar(140),
`reference_doctype` varchar(140),
`user_field` varchar(140),
`field_to_check` varchar(140),
`condition` longtext,
`_user_tags` text,
`_comments` text,
`_assign` text,
`_liked_by` text,

			index modified(modified))
			ENGINE=InnoDB
			ROW_FORMAT=DYNAMIC
			CHARACTER SET=utf8mb4
			COLLATE=utf8mb4_unicode_ci
2025-02-26 09:24:43,315 WARNING database DDL Query made to DB:
create table `tabCohort Mentor` (
			name varchar(140) primary key,
			creation datetime(6),
			modified datetime(6),
			modified_by varchar(140),
			owner varchar(140),
			docstatus int(1) not null default '0',
			idx int(8) not null default '0',
			`cohort` varchar(140),
`email` varchar(140),
`subgroup` varchar(140),
`course` varchar(140),
`_user_tags` text,
`_comments` text,
`_assign` text,
`_liked_by` text,

			index modified(modified))
			ENGINE=InnoDB
			ROW_FORMAT=DYNAMIC
			CHARACTER SET=utf8mb4
			COLLATE=utf8mb4_unicode_ci
2025-02-26 09:24:43,450 WARNING database DDL Query made to DB:
create table `tabLMS Category` (
			name varchar(140) primary key,
			creation datetime(6),
			modified datetime(6),
			modified_by varchar(140),
			owner varchar(140),
			docstatus int(1) not null default '0',
			idx int(8) not null default '0',
			`category` varchar(140) unique,
`_user_tags` text,
`_comments` text,
`_assign` text,
`_liked_by` text,

			index modified(modified))
			ENGINE=InnoDB
			ROW_FORMAT=DYNAMIC
			CHARACTER SET=utf8mb4
			COLLATE=utf8mb4_unicode_ci
2025-02-26 09:24:43,647 WARNING database DDL Query made to DB:
create table `tabLMS Assignment` (
			name varchar(140) primary key,
			creation datetime(6),
			modified datetime(6),
			modified_by varchar(140),
			owner varchar(140),
			docstatus int(1) not null default '0',
			idx int(8) not null default '0',
			`title` varchar(140),
`question` longtext,
`type` varchar(140),
`grade_assignment` int(1) not null default 1,
`show_answer` int(1) not null default 0,
`answer` longtext,
`_user_tags` text,
`_comments` text,
`_assign` text,
`_liked_by` text,

			index modified(modified))
			ENGINE=InnoDB
			ROW_FORMAT=DYNAMIC
			CHARACTER SET=utf8mb4
			COLLATE=utf8mb4_unicode_ci
2025-02-26 09:24:43,809 WARNING database DDL Query made to DB:
create table `tabScheduled Flow` (
			name varchar(140) primary key,
			creation datetime(6),
			modified datetime(6),
			modified_by varchar(140),
			owner varchar(140),
			docstatus int(1) not null default '0',
			idx int(8) not null default '0',
			`lesson` varchar(140),
`lesson_title` varchar(140),
`date` date,
`start_time` time(6),
`end_time` time(6),
parent varchar(140),
parentfield varchar(140),
parenttype varchar(140),
index parent(parent),

			index modified(modified))
			ENGINE=InnoDB
			ROW_FORMAT=DYNAMIC
			CHARACTER SET=utf8mb4
			COLLATE=utf8mb4_unicode_ci
2025-02-26 09:24:43,948 WARNING database DDL Query made to DB:
create table `tabLMS Certificate` (
			name varchar(140) primary key,
			creation datetime(6),
			modified datetime(6),
			modified_by varchar(140),
			owner varchar(140),
			docstatus int(1) not null default '0',
			idx int(8) not null default '0',
			`member` varchar(140),
`member_name` varchar(140),
`evaluator` varchar(140),
`evaluator_name` varchar(140),
`issue_date` date,
`expiry_date` date,
`template` varchar(140),
`published` int(1) not null default 0,
`course` varchar(140),
`course_title` varchar(140),
`batch_name` varchar(140),
`batch_title` varchar(140),
`_user_tags` text,
`_comments` text,
`_assign` text,
`_liked_by` text,

			index modified(modified))
			ENGINE=InnoDB
			ROW_FORMAT=DYNAMIC
			CHARACTER SET=utf8mb4
			COLLATE=utf8mb4_unicode_ci
2025-02-26 09:24:44,107 WARNING database DDL Query made to DB:
create table `tabUser Skill` (
			name varchar(140) primary key,
			creation datetime(6),
			modified datetime(6),
			modified_by varchar(140),
			owner varchar(140),
			docstatus int(1) not null default '0',
			idx int(8) not null default '0',
			`skill` varchar(140) unique,
`_user_tags` text,
`_comments` text,
`_assign` text,
`_liked_by` text,

			index modified(modified))
			ENGINE=InnoDB
			ROW_FORMAT=DYNAMIC
			CHARACTER SET=utf8mb4
			COLLATE=utf8mb4_unicode_ci
2025-02-26 09:24:44,254 WARNING database DDL Query made to DB:
create table `tabLMS Assessment` (
			name varchar(140) primary key,
			creation datetime(6),
			modified datetime(6),
			modified_by varchar(140),
			owner varchar(140),
			docstatus int(1) not null default '0',
			idx int(8) not null default '0',
			`assessment_type` varchar(140),
`assessment_name` varchar(140),
parent varchar(140),
parentfield varchar(140),
parenttype varchar(140),
index parent(parent),

			index modified(modified))
			ENGINE=InnoDB
			ROW_FORMAT=DYNAMIC
			CHARACTER SET=utf8mb4
			COLLATE=utf8mb4_unicode_ci
2025-02-26 09:24:44,385 WARNING database DDL Query made to DB:
create table `tabLMS Quiz Question` (
			name varchar(140) primary key,
			creation datetime(6),
			modified datetime(6),
			modified_by varchar(140),
			owner varchar(140),
			docstatus int(1) not null default '0',
			idx int(8) not null default '0',
			`question` varchar(140),
`marks` int(11) not null default 1,
`question_detail` text,
`type` varchar(140),
parent varchar(140),
parentfield varchar(140),
parenttype varchar(140),
index parent(parent),

			index modified(modified))
			ENGINE=InnoDB
			ROW_FORMAT=DYNAMIC
			CHARACTER SET=utf8mb4
			COLLATE=utf8mb4_unicode_ci
2025-02-26 09:24:44,515 WARNING database DDL Query made to DB:
create table `tabCohort Web Page` (
			name varchar(140) primary key,
			creation datetime(6),
			modified datetime(6),
			modified_by varchar(140),
			owner varchar(140),
			docstatus int(1) not null default '0',
			idx int(8) not null default '0',
			`slug` varchar(140),
`title` varchar(140),
`template` varchar(140),
`scope` varchar(140) default 'Cohort',
`required_role` varchar(140) default 'Public',
parent varchar(140),
parentfield varchar(140),
parenttype varchar(140),
index parent(parent),

			index modified(modified))
			ENGINE=InnoDB
			ROW_FORMAT=DYNAMIC
			CHARACTER SET=utf8mb4
			COLLATE=utf8mb4_unicode_ci
2025-02-26 09:24:44,639 WARNING database DDL Query made to DB:
create table `tabLMS Course Interest` (
			name varchar(140) primary key,
			creation datetime(6),
			modified datetime(6),
			modified_by varchar(140),
			owner varchar(140),
			docstatus int(1) not null default '0',
			idx int(8) not null default '0',
			`course` varchar(140),
`user` varchar(140),
`email_sent` int(1) not null default 0,
`_user_tags` text,
`_comments` text,
`_assign` text,
`_liked_by` text,

			index modified(modified))
			ENGINE=InnoDB
			ROW_FORMAT=DYNAMIC
			CHARACTER SET=utf8mb4
			COLLATE=utf8mb4_unicode_ci
2025-02-26 09:24:44,786 WARNING database DDL Query made to DB:
create table `tabEducation Detail` (
			name varchar(140) primary key,
			creation datetime(6),
			modified datetime(6),
			modified_by varchar(140),
			owner varchar(140),
			docstatus int(1) not null default '0',
			idx int(8) not null default '0',
			`institution_name` varchar(140),
`location` varchar(140),
`degree_type` varchar(140),
`major` varchar(140),
`grade_type` varchar(140),
`grade` varchar(140),
`start_date` date,
`end_date` date,
parent varchar(140),
parentfield varchar(140),
parenttype varchar(140),
index parent(parent),

			index modified(modified))
			ENGINE=InnoDB
			ROW_FORMAT=DYNAMIC
			CHARACTER SET=utf8mb4
			COLLATE=utf8mb4_unicode_ci
2025-02-26 09:24:44,939 WARNING database DDL Query made to DB:
create table `tabLMS Enrollment` (
			name varchar(140) primary key,
			creation datetime(6),
			modified datetime(6),
			modified_by varchar(140),
			owner varchar(140),
			docstatus int(1) not null default '0',
			idx int(8) not null default '0',
			`course` varchar(140),
`progress` decimal(21,9) not null default 0,
`payment` varchar(140),
`current_lesson` varchar(140),
`member` varchar(140),
`member_name` varchar(140),
`member_username` varchar(140),
`purchased_certificate` int(1) not null default 0,
`certificate` varchar(140),
`cohort` varchar(140),
`subgroup` varchar(140),
`batch_old` varchar(140),
`member_type` varchar(140) default 'Student',
`role` varchar(140) default 'Member',
`_user_tags` text,
`_comments` text,
`_assign` text,
`_liked_by` text,
index `course`(`course`),
index `member`(`member`),

			index modified(modified))
			ENGINE=InnoDB
			ROW_FORMAT=DYNAMIC
			CHARACTER SET=utf8mb4
			COLLATE=utf8mb4_unicode_ci
2025-02-26 09:24:45,105 WARNING database DDL Query made to DB:
create table `tabLMS Sidebar Item` (
			name varchar(140) primary key,
			creation datetime(6),
			modified datetime(6),
			modified_by varchar(140),
			owner varchar(140),
			docstatus int(1) not null default '0',
			idx int(8) not null default '0',
			`web_page` varchar(140),
`title` varchar(140),
`icon` varchar(140),
`route` varchar(140),
parent varchar(140),
parentfield varchar(140),
parenttype varchar(140),
index parent(parent),

			index modified(modified))
			ENGINE=InnoDB
			ROW_FORMAT=DYNAMIC
			CHARACTER SET=utf8mb4
			COLLATE=utf8mb4_unicode_ci
2025-02-26 09:24:45,238 WARNING database DDL Query made to DB:
create table `tabLMS Timetable Template` (
			name varchar(140) primary key,
			creation datetime(6),
			modified datetime(6),
			modified_by varchar(140),
			owner varchar(140),
			docstatus int(1) not null default '0',
			idx int(8) not null default '0',
			`title` varchar(140),
`_user_tags` text,
`_comments` text,
`_assign` text,
`_liked_by` text,

			index modified(modified))
			ENGINE=InnoDB
			ROW_FORMAT=DYNAMIC
			CHARACTER SET=utf8mb4
			COLLATE=utf8mb4_unicode_ci
2025-02-26 09:24:45,389 WARNING database DDL Query made to DB:
create table `tabLMS Course Mentor Mapping` (
			name varchar(140) primary key,
			creation datetime(6),
			modified datetime(6),
			modified_by varchar(140),
			owner varchar(140),
			docstatus int(1) not null default '0',
			idx int(8) not null default '0',
			`course` varchar(140),
`mentor` varchar(140),
`mentor_name` varchar(140),
`_user_tags` text,
`_comments` text,
`_assign` text,
`_liked_by` text,

			index modified(modified))
			ENGINE=InnoDB
			ROW_FORMAT=DYNAMIC
			CHARACTER SET=utf8mb4
			COLLATE=utf8mb4_unicode_ci
2025-02-26 09:24:45,539 WARNING database DDL Query made to DB:
create table `tabLMS Course Progress` (
			name varchar(140) primary key,
			creation datetime(6),
			modified datetime(6),
			modified_by varchar(140),
			owner varchar(140),
			docstatus int(1) not null default '0',
			idx int(8) not null default '0',
			`member` varchar(140),
`member_name` varchar(140),
`status` varchar(140),
`lesson` varchar(140),
`chapter` varchar(140),
`course` varchar(140),
`_user_tags` text,
`_comments` text,
`_assign` text,
`_liked_by` text,
index `member`(`member`),
index `status`(`status`),
index `lesson`(`lesson`),
index `chapter`(`chapter`),
index `course`(`course`),

			index modified(modified))
			ENGINE=InnoDB
			ROW_FORMAT=DYNAMIC
			CHARACTER SET=utf8mb4
			COLLATE=utf8mb4_unicode_ci
2025-02-26 09:24:45,672 WARNING database DDL Query made to DB:
create table `tabFunction` (
			name varchar(140) primary key,
			creation datetime(6),
			modified datetime(6),
			modified_by varchar(140),
			owner varchar(140),
			docstatus int(1) not null default '0',
			idx int(8) not null default '0',
			`function` varchar(140) unique,
`_user_tags` text,
`_comments` text,
`_assign` text,
`_liked_by` text,

			index modified(modified))
			ENGINE=InnoDB
			ROW_FORMAT=DYNAMIC
			CHARACTER SET=utf8mb4
			COLLATE=utf8mb4_unicode_ci
2025-02-26 09:24:46,027 WARNING database DDL Query made to DB:
create table `tabLMS Certificate Request` (
			name varchar(140) primary key,
			creation datetime(6),
			modified datetime(6),
			modified_by varchar(140),
			owner varchar(140),
			docstatus int(1) not null default '0',
			idx int(8) not null default '0',
			`course` varchar(140),
`course_title` varchar(140),
`member` varchar(140),
`member_name` varchar(140),
`evaluator` varchar(140),
`evaluator_name` varchar(140),
`batch_name` varchar(140),
`batch_title` varchar(140),
`timezone` varchar(140),
`date` date,
`day` varchar(140),
`google_meet_link` varchar(140),
`start_time` time(6),
`end_time` time(6),
`status` varchar(140),
`_user_tags` text,
`_comments` text,
`_assign` text,
`_liked_by` text,

			index modified(modified))
			ENGINE=InnoDB
			ROW_FORMAT=DYNAMIC
			CHARACTER SET=utf8mb4
			COLLATE=utf8mb4_unicode_ci
2025-02-26 09:24:46,192 WARNING database DDL Query made to DB:
create table `tabLMS Program Course` (
			name varchar(140) primary key,
			creation datetime(6),
			modified datetime(6),
			modified_by varchar(140),
			owner varchar(140),
			docstatus int(1) not null default '0',
			idx int(8) not null default '0',
			`course` varchar(140),
`course_title` varchar(140),
parent varchar(140),
parentfield varchar(140),
parenttype varchar(140),
index parent(parent),

			index modified(modified))
			ENGINE=InnoDB
			ROW_FORMAT=DYNAMIC
			CHARACTER SET=utf8mb4
			COLLATE=utf8mb4_unicode_ci
2025-02-26 09:24:46,314 WARNING database DDL Query made to DB:
create table `tabCourse Instructor` (
			name varchar(140) primary key,
			creation datetime(6),
			modified datetime(6),
			modified_by varchar(140),
			owner varchar(140),
			docstatus int(1) not null default '0',
			idx int(8) not null default '0',
			`instructor` varchar(140),
parent varchar(140),
parentfield varchar(140),
parenttype varchar(140),
index parent(parent),

			index modified(modified))
			ENGINE=InnoDB
			ROW_FORMAT=DYNAMIC
			CHARACTER SET=utf8mb4
			COLLATE=utf8mb4_unicode_ci
2025-02-26 09:24:46,452 WARNING database DDL Query made to DB:
create table `tabWork Experience` (
			name varchar(140) primary key,
			creation datetime(6),
			modified datetime(6),
			modified_by varchar(140),
			owner varchar(140),
			docstatus int(1) not null default '0',
			idx int(8) not null default '0',
			`title` varchar(140),
`company` varchar(140),
`location` varchar(140),
`description` text,
`current` int(1) not null default 0,
`from_date` date,
`to_date` date,
parent varchar(140),
parentfield varchar(140),
parenttype varchar(140),
index parent(parent),

			index modified(modified))
			ENGINE=InnoDB
			ROW_FORMAT=DYNAMIC
			CHARACTER SET=utf8mb4
			COLLATE=utf8mb4_unicode_ci
2025-02-26 09:24:46,587 WARNING database DDL Query made to DB:
create table `tabLMS Badge Assignment` (
			name varchar(140) primary key,
			creation datetime(6),
			modified datetime(6),
			modified_by varchar(140),
			owner varchar(140),
			docstatus int(1) not null default '0',
			idx int(8) not null default '0',
			`member` varchar(140),
`member_name` varchar(140),
`issued_on` date,
`badge` varchar(140),
`badge_image` text,
`badge_description` text,
`_user_tags` text,
`_comments` text,
`_assign` text,
`_liked_by` text,

			index modified(modified))
			ENGINE=InnoDB
			ROW_FORMAT=DYNAMIC
			CHARACTER SET=utf8mb4
			COLLATE=utf8mb4_unicode_ci
2025-02-26 09:24:46,810 WARNING database DDL Query made to DB:
create table `tabLMS Course` (
			name varchar(140) primary key,
			creation datetime(6),
			modified datetime(6),
			modified_by varchar(140),
			owner varchar(140),
			docstatus int(1) not null default '0',
			idx int(8) not null default '0',
			`title` varchar(140),
`video_link` varchar(140),
`tags` varchar(140),
`image` text,
`category` varchar(140),
`status` varchar(140) default 'In Progress',
`published` int(1) not null default 0,
`published_on` date,
`upcoming` int(1) not null default 0,
`featured` int(1) not null default 0,
`disable_self_learning` int(1) not null default 0,
`short_introduction` text,
`description` longtext,
`paid_course` int(1) not null default 0,
`enable_certification` int(1) not null default 0,
`paid_certificate` int(1) not null default 0,
`evaluator` varchar(140),
`course_price` decimal(21,9) not null default 0,
`currency` varchar(140),
`amount_usd` decimal(21,9) not null default 0,
`enrollments` varchar(140) default '0',
`lessons` varchar(140) default '0',
`rating` varchar(140) default '0',
`_user_tags` text,
`_comments` text,
`_assign` text,
`_liked_by` text,

			index modified(modified))
			ENGINE=InnoDB
			ROW_FORMAT=DYNAMIC
			CHARACTER SET=utf8mb4
			COLLATE=utf8mb4_unicode_ci
2025-02-26 09:24:46,976 WARNING database DDL Query made to DB:
create table `tabLMS Quiz Submission` (
			name varchar(140) primary key,
			creation datetime(6),
			modified datetime(6),
			modified_by varchar(140),
			owner varchar(140),
			docstatus int(1) not null default '0',
			idx int(8) not null default '0',
			`quiz` varchar(140),
`quiz_title` varchar(140),
`course` varchar(140),
`member` varchar(140),
`member_name` varchar(140),
`score` int(11) not null default 0,
`score_out_of` int(11) not null default 0,
`percentage` int(11) not null default 0,
`passing_percentage` int(11) not null default 0,
`_user_tags` text,
`_comments` text,
`_assign` text,
`_liked_by` text,

			index modified(modified))
			ENGINE=InnoDB
			ROW_FORMAT=DYNAMIC
			CHARACTER SET=utf8mb4
			COLLATE=utf8mb4_unicode_ci
2025-02-26 09:24:47,123 WARNING database DDL Query made to DB:
create sequence if not exists batch_course_id_seq nocache nocycle
2025-02-26 09:24:47,152 WARNING database DDL Query made to DB:
create table `tabBatch Course` (
			name bigint primary key,
			creation datetime(6),
			modified datetime(6),
			modified_by varchar(140),
			owner varchar(140),
			docstatus int(1) not null default '0',
			idx int(8) not null default '0',
			`course` varchar(140),
`title` varchar(140),
`evaluator` varchar(140),
parent varchar(140),
parentfield varchar(140),
parenttype varchar(140),
index parent(parent),

			index modified(modified))
			ENGINE=InnoDB
			ROW_FORMAT=DYNAMIC
			CHARACTER SET=utf8mb4
			COLLATE=utf8mb4_unicode_ci
2025-02-26 09:24:47,316 WARNING database DDL Query made to DB:
create table `tabLMS Assignment Submission` (
			name varchar(140) primary key,
			creation datetime(6),
			modified datetime(6),
			modified_by varchar(140),
			owner varchar(140),
			docstatus int(1) not null default '0',
			idx int(8) not null default '0',
			`assignment` varchar(140),
`assignment_title` varchar(140),
`type` varchar(140),
`member` varchar(140),
`member_name` varchar(140),
`evaluator` varchar(140),
`assignment_attachment` text,
`answer` longtext,
`status` varchar(140) default 'Not Graded',
`comments` longtext,
`question` longtext,
`course` varchar(140),
`lesson` varchar(140),
`_user_tags` text,
`_comments` text,
`_assign` text,
`_liked_by` text,

			index modified(modified))
			ENGINE=InnoDB
			ROW_FORMAT=DYNAMIC
			CHARACTER SET=utf8mb4
			COLLATE=utf8mb4_unicode_ci
2025-02-26 09:24:47,491 WARNING database DDL Query made to DB:
create table `tabLMS Batch Old` (
			name varchar(140) primary key,
			creation datetime(6),
			modified datetime(6),
			modified_by varchar(140),
			owner varchar(140),
			docstatus int(1) not null default '0',
			idx int(8) not null default '0',
			`course` varchar(140),
`start_date` date,
`start_time` time(6),
`title` varchar(140),
`sessions_on` varchar(140),
`end_time` time(6),
`description` longtext,
`visibility` varchar(140) default 'Public',
`membership` varchar(140),
`status` varchar(140) default 'Active',
`stage` varchar(140) default 'Ready',
`_user_tags` text,
`_comments` text,
`_assign` text,
`_liked_by` text,

			index modified(modified))
			ENGINE=InnoDB
			ROW_FORMAT=DYNAMIC
			CHARACTER SET=utf8mb4
			COLLATE=utf8mb4_unicode_ci
2025-02-26 09:24:47,645 WARNING database DDL Query made to DB:
create table `tabCohort` (
			name varchar(140) primary key,
			creation datetime(6),
			modified datetime(6),
			modified_by varchar(140),
			owner varchar(140),
			docstatus int(1) not null default '0',
			idx int(8) not null default '0',
			`course` varchar(140),
`title` varchar(140),
`slug` varchar(140) unique,
`instructor` varchar(140),
`status` varchar(140),
`begin_date` date,
`end_date` date,
`duration` varchar(140),
`description` longtext,
`_user_tags` text,
`_comments` text,
`_assign` text,
`_liked_by` text,

			index modified(modified))
			ENGINE=InnoDB
			ROW_FORMAT=DYNAMIC
			CHARACTER SET=utf8mb4
			COLLATE=utf8mb4_unicode_ci
2025-02-26 09:24:47,794 WARNING database DDL Query made to DB:
create table `tabLMS Quiz Result` (
			name varchar(140) primary key,
			creation datetime(6),
			modified datetime(6),
			modified_by varchar(140),
			owner varchar(140),
			docstatus int(1) not null default '0',
			idx int(8) not null default '0',
			`question` text,
`question_name` varchar(140),
`answer` text,
`marks` int(11) not null default 0,
`marks_out_of` int(11) not null default 0,
`is_correct` int(1) not null default 0,
parent varchar(140),
parentfield varchar(140),
parenttype varchar(140),
index parent(parent),

			index modified(modified))
			ENGINE=InnoDB
			ROW_FORMAT=DYNAMIC
			CHARACTER SET=utf8mb4
			COLLATE=utf8mb4_unicode_ci
2025-02-26 09:24:47,922 WARNING database DDL Query made to DB:
create table `tabLMS Timetable Legend` (
			name varchar(140) primary key,
			creation datetime(6),
			modified datetime(6),
			modified_by varchar(140),
			owner varchar(140),
			docstatus int(1) not null default '0',
			idx int(8) not null default '0',
			`reference_doctype` varchar(140),
`label` varchar(140),
`color` varchar(140),
parent varchar(140),
parentfield varchar(140),
parenttype varchar(140),
index parent(parent),

			index modified(modified))
			ENGINE=InnoDB
			ROW_FORMAT=DYNAMIC
			CHARACTER SET=utf8mb4
			COLLATE=utf8mb4_unicode_ci
2025-02-26 09:24:48,062 WARNING database DDL Query made to DB:
create table `tabLMS Batch Feedback` (
			name varchar(140) primary key,
			creation datetime(6),
			modified datetime(6),
			modified_by varchar(140),
			owner varchar(140),
			docstatus int(1) not null default '0',
			idx int(8) not null default '0',
			`member` varchar(140),
`member_name` varchar(140),
`member_image` text,
`batch` varchar(140),
`content` decimal(3,2),
`instructors` decimal(3,2),
`value` decimal(3,2),
`feedback` text,
`_user_tags` text,
`_comments` text,
`_assign` text,
`_liked_by` text,

			index modified(modified))
			ENGINE=InnoDB
			ROW_FORMAT=DYNAMIC
			CHARACTER SET=utf8mb4
			COLLATE=utf8mb4_unicode_ci
2025-02-26 09:24:48,223 WARNING database DDL Query made to DB:
create table `tabCourse Evaluator` (
			name varchar(140) primary key,
			creation datetime(6),
			modified datetime(6),
			modified_by varchar(140),
			owner varchar(140),
			docstatus int(1) not null default '0',
			idx int(8) not null default '0',
			`evaluator` varchar(140) unique,
`unavailable_from` date,
`unavailable_to` date,
`_user_tags` text,
`_comments` text,
`_assign` text,
`_liked_by` text,

			index modified(modified))
			ENGINE=InnoDB
			ROW_FORMAT=DYNAMIC
			CHARACTER SET=utf8mb4
			COLLATE=utf8mb4_unicode_ci
2025-02-26 09:24:48,392 WARNING database DDL Query made to DB:
create table `tabCohort Join Request` (
			name varchar(140) primary key,
			creation datetime(6),
			modified datetime(6),
			modified_by varchar(140),
			owner varchar(140),
			docstatus int(1) not null default '0',
			idx int(8) not null default '0',
			`cohort` varchar(140),
`email` varchar(140),
`subgroup` varchar(140),
`status` varchar(140) default 'Pending',
`_user_tags` text,
`_comments` text,
`_assign` text,
`_liked_by` text,

			index modified(modified))
			ENGINE=InnoDB
			ROW_FORMAT=DYNAMIC
			CHARACTER SET=utf8mb4
			COLLATE=utf8mb4_unicode_ci
2025-02-26 09:24:48,547 WARNING database DDL Query made to DB:
create table `tabChapter Reference` (
			name varchar(140) primary key,
			creation datetime(6),
			modified datetime(6),
			modified_by varchar(140),
			owner varchar(140),
			docstatus int(1) not null default '0',
			idx int(8) not null default '0',
			`chapter` varchar(140),
parent varchar(140),
parentfield varchar(140),
parenttype varchar(140),
index parent(parent),

			index modified(modified))
			ENGINE=InnoDB
			ROW_FORMAT=DYNAMIC
			CHARACTER SET=utf8mb4
			COLLATE=utf8mb4_unicode_ci
2025-02-26 09:24:48,675 WARNING database DDL Query made to DB:
create table `tabIndustry` (
			name varchar(140) primary key,
			creation datetime(6),
			modified datetime(6),
			modified_by varchar(140),
			owner varchar(140),
			docstatus int(1) not null default '0',
			idx int(8) not null default '0',
			`industry` varchar(140) unique,
`_user_tags` text,
`_comments` text,
`_assign` text,
`_liked_by` text,

			index modified(modified))
			ENGINE=InnoDB
			ROW_FORMAT=DYNAMIC
			CHARACTER SET=utf8mb4
			COLLATE=utf8mb4_unicode_ci
2025-02-26 09:24:48,818 WARNING database DDL Query made to DB:
create table `tabCohort Staff` (
			name varchar(140) primary key,
			creation datetime(6),
			modified datetime(6),
			modified_by varchar(140),
			owner varchar(140),
			docstatus int(1) not null default '0',
			idx int(8) not null default '0',
			`cohort` varchar(140),
`course` varchar(140),
`email` varchar(140),
`role` varchar(140),
`_user_tags` text,
`_comments` text,
`_assign` text,
`_liked_by` text,

			index modified(modified))
			ENGINE=InnoDB
			ROW_FORMAT=DYNAMIC
			CHARACTER SET=utf8mb4
			COLLATE=utf8mb4_unicode_ci
2025-02-26 09:24:48,994 WARNING database DDL Query made to DB:
create table `tabCourse Lesson` (
			name varchar(140) primary key,
			creation datetime(6),
			modified datetime(6),
			modified_by varchar(140),
			owner varchar(140),
			docstatus int(1) not null default '0',
			idx int(8) not null default '0',
			`title` varchar(140),
`include_in_preview` int(1) not null default 0,
`chapter` varchar(140),
`is_scorm_package` int(1) not null default 0,
`course` varchar(140),
`content` text,
`body` longtext,
`instructor_content` text,
`instructor_notes` longtext,
`youtube` varchar(140),
`quiz_id` varchar(140),
`question` text,
`file_type` varchar(140),
`_user_tags` text,
`_comments` text,
`_assign` text,
`_liked_by` text,

			index modified(modified))
			ENGINE=InnoDB
			ROW_FORMAT=DYNAMIC
			CHARACTER SET=utf8mb4
			COLLATE=utf8mb4_unicode_ci
2025-02-26 09:24:49,170 WARNING database DDL Query made to DB:
create table `tabLMS Payment` (
			name varchar(140) primary key,
			creation datetime(6),
			modified datetime(6),
			modified_by varchar(140),
			owner varchar(140),
			docstatus int(1) not null default '0',
			idx int(8) not null default '0',
			`member` varchar(140),
`billing_name` varchar(140),
`source` varchar(140),
`payment_for_document_type` varchar(140),
`payment_for_document` varchar(140),
`payment_received` int(1) not null default 0,
`payment_for_certificate` int(1) not null default 0,
`currency` varchar(140),
`amount` decimal(21,9) not null default 0,
`amount_with_gst` decimal(21,9) not null default 0,
`order_id` varchar(140),
`payment_id` varchar(140),
`address` varchar(140),
`gstin` varchar(140),
`pan` varchar(140),
`_user_tags` text,
`_comments` text,
`_assign` text,
`_liked_by` text,

			index modified(modified))
			ENGINE=InnoDB
			ROW_FORMAT=DYNAMIC
			CHARACTER SET=utf8mb4
			COLLATE=utf8mb4_unicode_ci
2025-02-26 09:24:49,312 WARNING database DDL Query made to DB:
create table `tabSkills` (
			name varchar(140) primary key,
			creation datetime(6),
			modified datetime(6),
			modified_by varchar(140),
			owner varchar(140),
			docstatus int(1) not null default '0',
			idx int(8) not null default '0',
			`skill_name` varchar(140),
parent varchar(140),
parentfield varchar(140),
parenttype varchar(140),
index parent(parent),

			index modified(modified))
			ENGINE=InnoDB
			ROW_FORMAT=DYNAMIC
			CHARACTER SET=utf8mb4
			COLLATE=utf8mb4_unicode_ci
2025-02-26 09:24:49,466 WARNING database DDL Query made to DB:
create table `tabExercise Submission` (
			name varchar(140) primary key,
			creation datetime(6),
			modified datetime(6),
			modified_by varchar(140),
			owner varchar(140),
			docstatus int(1) not null default '0',
			idx int(8) not null default '0',
			`exercise` varchar(140),
`status` varchar(140),
`batch_old` varchar(140),
`exercise_title` varchar(140),
`course` varchar(140),
`lesson` varchar(140),
`solution` longtext,
`image` longtext,
`test_results` text,
`comments` text,
`member` varchar(140),
`_user_tags` text,
`_comments` text,
`_assign` text,
`_liked_by` text,

			index modified(modified))
			ENGINE=InnoDB
			ROW_FORMAT=DYNAMIC
			CHARACTER SET=utf8mb4
			COLLATE=utf8mb4_unicode_ci
2025-02-26 09:24:49,605 WARNING database DDL Query made to DB:
create table `tabPreferred Function` (
			name varchar(140) primary key,
			creation datetime(6),
			modified datetime(6),
			modified_by varchar(140),
			owner varchar(140),
			docstatus int(1) not null default '0',
			idx int(8) not null default '0',
			`function` varchar(140),
parent varchar(140),
parentfield varchar(140),
parenttype varchar(140),
index parent(parent),

			index modified(modified))
			ENGINE=InnoDB
			ROW_FORMAT=DYNAMIC
			CHARACTER SET=utf8mb4
			COLLATE=utf8mb4_unicode_ci
2025-02-26 09:24:49,732 WARNING database DDL Query made to DB:
create table `tabLMS Option` (
			name varchar(140) primary key,
			creation datetime(6),
			modified datetime(6),
			modified_by varchar(140),
			owner varchar(140),
			docstatus int(1) not null default '0',
			idx int(8) not null default '0',
			`option` varchar(140),
`is_correct` int(1) not null default 0,
parent varchar(140),
parentfield varchar(140),
parenttype varchar(140),
index parent(parent),

			index modified(modified))
			ENGINE=InnoDB
			ROW_FORMAT=DYNAMIC
			CHARACTER SET=utf8mb4
			COLLATE=utf8mb4_unicode_ci
2025-02-26 09:24:49,847 WARNING database DDL Query made to DB:
create sequence if not exists evaluator_schedule_id_seq nocache nocycle
2025-02-26 09:24:49,871 WARNING database DDL Query made to DB:
create table `tabEvaluator Schedule` (
			name bigint primary key,
			creation datetime(6),
			modified datetime(6),
			modified_by varchar(140),
			owner varchar(140),
			docstatus int(1) not null default '0',
			idx int(8) not null default '0',
			`day` varchar(140),
`start_time` time(6),
`end_time` time(6),
parent varchar(140),
parentfield varchar(140),
parenttype varchar(140),
index parent(parent),

			index modified(modified))
			ENGINE=InnoDB
			ROW_FORMAT=DYNAMIC
			CHARACTER SET=utf8mb4
			COLLATE=utf8mb4_unicode_ci
2025-02-26 09:24:49,984 WARNING database DDL Query made to DB:
create table `tabLesson Reference` (
			name varchar(140) primary key,
			creation datetime(6),
			modified datetime(6),
			modified_by varchar(140),
			owner varchar(140),
			docstatus int(1) not null default '0',
			idx int(8) not null default '0',
			`lesson` varchar(140),
parent varchar(140),
parentfield varchar(140),
parenttype varchar(140),
index parent(parent),

			index modified(modified))
			ENGINE=InnoDB
			ROW_FORMAT=DYNAMIC
			CHARACTER SET=utf8mb4
			COLLATE=utf8mb4_unicode_ci
2025-02-26 09:24:50,125 WARNING database DDL Query made to DB:
create table `tabLMS Exercise` (
			name varchar(140) primary key,
			creation datetime(6),
			modified datetime(6),
			modified_by varchar(140),
			owner varchar(140),
			docstatus int(1) not null default '0',
			idx int(8) not null default '0',
			`title` varchar(140),
`description` text,
`code` longtext,
`answer` longtext,
`course` varchar(140),
`hints` text,
`tests` longtext,
`image` longtext,
`lesson` varchar(140),
`index_` int(11) not null default 0,
`index_label` varchar(140),
`_user_tags` text,
`_comments` text,
`_assign` text,
`_liked_by` text,

			index modified(modified))
			ENGINE=InnoDB
			ROW_FORMAT=DYNAMIC
			CHARACTER SET=utf8mb4
			COLLATE=utf8mb4_unicode_ci
2025-02-26 09:24:50,272 WARNING database DDL Query made to DB:
create table `tabRelated Courses` (
			name varchar(140) primary key,
			creation datetime(6),
			modified datetime(6),
			modified_by varchar(140),
			owner varchar(140),
			docstatus int(1) not null default '0',
			idx int(8) not null default '0',
			`course` varchar(140),
parent varchar(140),
parentfield varchar(140),
parenttype varchar(140),
index parent(parent),

			index modified(modified))
			ENGINE=InnoDB
			ROW_FORMAT=DYNAMIC
			CHARACTER SET=utf8mb4
			COLLATE=utf8mb4_unicode_ci
2025-02-26 09:24:50,504 WARNING database DDL Query made to DB:
create table `tabLMS Mentor Request` (
			name varchar(140) primary key,
			creation datetime(6),
			modified datetime(6),
			modified_by varchar(140),
			owner varchar(140),
			docstatus int(1) not null default '0',
			idx int(8) not null default '0',
			`member` varchar(140),
`course` varchar(140),
`reviewed_by` varchar(140),
`member_name` varchar(140),
`status` varchar(140),
`comments` text,
`_user_tags` text,
`_comments` text,
`_assign` text,
`_liked_by` text,

			index modified(modified))
			ENGINE=InnoDB
			ROW_FORMAT=DYNAMIC
			CHARACTER SET=utf8mb4
			COLLATE=utf8mb4_unicode_ci
2025-02-26 09:24:50,636 WARNING database DDL Query made to DB:
create table `tabLMS Source` (
			name varchar(140) primary key,
			creation datetime(6),
			modified datetime(6),
			modified_by varchar(140),
			owner varchar(140),
			docstatus int(1) not null default '0',
			idx int(8) not null default '0',
			`source` varchar(140) unique,
`_user_tags` text,
`_comments` text,
`_assign` text,
`_liked_by` text,

			index modified(modified))
			ENGINE=InnoDB
			ROW_FORMAT=DYNAMIC
			CHARACTER SET=utf8mb4
			COLLATE=utf8mb4_unicode_ci
2025-02-26 09:24:50,788 WARNING database DDL Query made to DB:
create table `tabCertification` (
			name varchar(140) primary key,
			creation datetime(6),
			modified datetime(6),
			modified_by varchar(140),
			owner varchar(140),
			docstatus int(1) not null default '0',
			idx int(8) not null default '0',
			`certification_name` varchar(140),
`organization` varchar(140),
`description` text,
`expire` int(1) not null default 0,
`issue_date` date,
`expiration_date` varchar(140),
parent varchar(140),
parentfield varchar(140),
parenttype varchar(140),
index parent(parent),

			index modified(modified))
			ENGINE=InnoDB
			ROW_FORMAT=DYNAMIC
			CHARACTER SET=utf8mb4
			COLLATE=utf8mb4_unicode_ci
2025-02-26 09:24:50,937 WARNING database DDL Query made to DB:
create table `tabLMS Question` (
			name varchar(140) primary key,
			creation datetime(6),
			modified datetime(6),
			modified_by varchar(140),
			owner varchar(140),
			docstatus int(1) not null default '0',
			idx int(8) not null default '0',
			`question` longtext,
`type` varchar(140),
`multiple` int(1) not null default 0,
`option_1` text,
`is_correct_1` int(1) not null default 0,
`explanation_1` text,
`option_2` text,
`is_correct_2` int(1) not null default 0,
`explanation_2` text,
`option_3` text,
`is_correct_3` int(1) not null default 0,
`explanation_3` text,
`option_4` text,
`is_correct_4` int(1) not null default 0,
`explanation_4` text,
`possibility_1` text,
`possibility_3` text,
`possibility_2` text,
`possibility_4` text,
`_user_tags` text,
`_comments` text,
`_assign` text,
`_liked_by` text,

			index modified(modified))
			ENGINE=InnoDB
			ROW_FORMAT=DYNAMIC
			CHARACTER SET=utf8mb4
			COLLATE=utf8mb4_unicode_ci
2025-02-26 09:24:51,100 WARNING database DDL Query made to DB:
create table `tabCohort Subgroup` (
			name varchar(140) primary key,
			creation datetime(6),
			modified datetime(6),
			modified_by varchar(140),
			owner varchar(140),
			docstatus int(1) not null default '0',
			idx int(8) not null default '0',
			`cohort` varchar(140),
`slug` varchar(140),
`title` varchar(140),
`invite_code` varchar(140),
`course` varchar(140),
`description` longtext,
`_user_tags` text,
`_comments` text,
`_assign` text,
`_liked_by` text,

			index modified(modified))
			ENGINE=InnoDB
			ROW_FORMAT=DYNAMIC
			CHARACTER SET=utf8mb4
			COLLATE=utf8mb4_unicode_ci
2025-02-26 09:24:51,269 WARNING database DDL Query made to DB:
create table `tabLMS Quiz` (
			name varchar(140) primary key,
			creation datetime(6),
			modified datetime(6),
			modified_by varchar(140),
			owner varchar(140),
			docstatus int(1) not null default '0',
			idx int(8) not null default '0',
			`title` varchar(140) unique,
`max_attempts` int(11) not null default 0,
`show_answers` int(1) not null default 1,
`show_submission_history` int(1) not null default 0,
`total_marks` int(11) not null default 0,
`passing_percentage` int(11) not null default 0,
`duration` varchar(140),
`shuffle_questions` int(1) not null default 0,
`limit_questions_to` int(11) not null default 0,
`lesson` varchar(140),
`course` varchar(140),
`_user_tags` text,
`_comments` text,
`_assign` text,
`_liked_by` text,

			index modified(modified))
			ENGINE=InnoDB
			ROW_FORMAT=DYNAMIC
			CHARACTER SET=utf8mb4
			COLLATE=utf8mb4_unicode_ci
2025-02-26 09:24:51,922 WARNING database DDL Query made to DB:
create table `tabLMS Job Application` (
			name varchar(140) primary key,
			creation datetime(6),
			modified datetime(6),
			modified_by varchar(140),
			owner varchar(140),
			docstatus int(1) not null default '0',
			idx int(8) not null default '0',
			`user` varchar(140),
`resume` text,
`job` varchar(140),
`job_title` varchar(140),
`company` varchar(140),
`_user_tags` text,
`_comments` text,
`_assign` text,
`_liked_by` text,

			index modified(modified))
			ENGINE=InnoDB
			ROW_FORMAT=DYNAMIC
			CHARACTER SET=utf8mb4
			COLLATE=utf8mb4_unicode_ci
2025-02-26 09:24:52,096 WARNING database DDL Query made to DB:
create table `tabJob Opportunity` (
			name varchar(140) primary key,
			creation datetime(6),
			modified datetime(6),
			modified_by varchar(140),
			owner varchar(140),
			docstatus int(1) not null default '0',
			idx int(8) not null default '0',
			`job_title` varchar(140),
`location` varchar(140),
`disabled` int(1) not null default 0,
`type` varchar(140) default 'Full Time',
`status` varchar(140) default 'Open',
`description` longtext,
`company_name` varchar(140),
`company_website` varchar(140),
`company_logo` text,
`company_email_address` varchar(140),
`_user_tags` text,
`_comments` text,
`_assign` text,
`_liked_by` text,

			index modified(modified))
			ENGINE=InnoDB
			ROW_FORMAT=DYNAMIC
			CHARACTER SET=utf8mb4
			COLLATE=utf8mb4_unicode_ci
2025-02-26 09:24:54,707 WARNING database DDL Query made to DB:
ALTER TABLE `tabUser` ADD COLUMN `country` varchar(140)
2025-02-26 09:24:54,927 WARNING database DDL Query made to DB:
ALTER TABLE `tabUser` ADD COLUMN `verify_terms` int(1) not null default 0
2025-02-26 09:24:55,146 WARNING database DDL Query made to DB:
ALTER TABLE `tabUser` ADD COLUMN `user_category` varchar(140)
2025-02-26 09:24:55,375 WARNING database DDL Query made to DB:
ALTER TABLE `tabUser` ADD COLUMN `cover_image` text
2025-02-26 09:24:55,593 WARNING database DDL Query made to DB:
ALTER TABLE `tabUser` ADD COLUMN `looking_for_job` int(1) not null default 0
2025-02-26 09:24:55,823 WARNING database DDL Query made to DB:
ALTER TABLE `tabUser` ADD COLUMN `linkedin` varchar(140)
2025-02-26 09:24:56,030 WARNING database DDL Query made to DB:
ALTER TABLE `tabUser` ADD COLUMN `github` varchar(140)
2025-02-26 09:24:56,265 WARNING database DDL Query made to DB:
ALTER TABLE `tabUser` ADD COLUMN `medium` varchar(140)
2025-02-26 09:24:56,493 WARNING database DDL Query made to DB:
ALTER TABLE `tabUser` ADD COLUMN `profession` varchar(140)
2025-02-26 09:24:56,726 WARNING database DDL Query made to DB:
ALTER TABLE `tabUser` ADD COLUMN `hide_private` int(1) not null default 0
2025-02-26 09:24:58,917 WARNING database DDL Query made to DB:
ALTER TABLE `tabUser` ADD COLUMN `preferred_location` varchar(140)
2025-02-26 09:24:59,517 WARNING database DDL Query made to DB:
ALTER TABLE `tabUser` ADD COLUMN `dream_companies` varchar(140)
2025-02-26 09:24:59,947 WARNING database DDL Query made to DB:
ALTER TABLE `tabUser` ADD COLUMN `attire` varchar(140)
2025-02-26 09:25:00,180 WARNING database DDL Query made to DB:
ALTER TABLE `tabUser` ADD COLUMN `collaboration` varchar(140)
2025-02-26 09:25:00,427 WARNING database DDL Query made to DB:
ALTER TABLE `tabUser` ADD COLUMN `role` varchar(140)
2025-02-26 09:25:00,877 WARNING database DDL Query made to DB:
ALTER TABLE `tabUser` ADD COLUMN `location_preference` varchar(140)
2025-02-26 09:25:01,127 WARNING database DDL Query made to DB:
ALTER TABLE `tabUser` ADD COLUMN `time` varchar(140)
2025-02-26 09:25:01,363 WARNING database DDL Query made to DB:
ALTER TABLE `tabUser` ADD COLUMN `company_type` varchar(140)
2025-02-26 09:25:01,607 WARNING database DDL Query made to DB:
ALTER TABLE `tabUser` ADD COLUMN `headline` varchar(140)
2025-02-26 09:25:01,858 WARNING database DDL Query made to DB:
ALTER TABLE `tabUser` ADD COLUMN `city` varchar(140)
2025-02-26 09:25:02,112 WARNING database DDL Query made to DB:
ALTER TABLE `tabUser` ADD COLUMN `college` varchar(140)
2025-02-26 09:25:02,356 WARNING database DDL Query made to DB:
ALTER TABLE `tabUser` ADD COLUMN `branch` varchar(140)
2025-02-26 16:55:47,038 WARNING database DDL Query made to DB:
alter table `tabDocType` add column if not exists migration_hash varchar(140)
2025-02-26 16:56:16,738 WARNING database DDL Query made to DB:
alter table `tabDocType` add column if not exists migration_hash varchar(140)
2025-02-26 16:58:46,927 WARNING database DDL Query made to DB:
alter table `tabDocType` add column if not exists migration_hash varchar(140)
2025-02-26 16:59:17,805 WARNING database DDL Query made to DB:
alter table `tabDocType` add column if not exists migration_hash varchar(140)
2025-02-27 10:22:50,396 WARNING database DDL Query made to DB:
alter table `tabDocType` add column if not exists migration_hash varchar(140)
